#
# A fatal error has been detected by the Java Runtime Environment:
#
#  EXCEPTION_ACCESS_VIOLATION (0xc0000005) at pc=0x00007ff9547dc0b0, pid=14772, tid=9856
#
# JRE version: OpenJDK Runtime Environment (11.0.2+9) (build 11.0.2+9)
# Java VM: OpenJDK 64-Bit Server VM (11.0.2+9, mixed mode, tiered, compressed oops, g1 gc, windows-amd64)
# Problematic frame:
# C  0x00007ff9547dc0b0
#
# No core dump will be written. Minidumps are not enabled by default on client versions of Windows
#
# If you would like to submit a bug report, please visit:
#   http://bugreport.java.com/bugreport/crash.jsp
# The crash happened outside the Java Virtual Machine in native code.
# See problematic frame for where to report the bug.
#

---------------  S U M M A R Y ------------

Command Line: -Dsun.java2d.pmoffscreen=false -Dhttps.protocols=TLSv1,TLSv1.1,TLSv1.2 -Dsun.java2d.xrender=false -Dsun.java2d.d3d=false -Dsun.awt.nopixfmt=true -Dsun.java2d.dpiaware=true -Dsun.java2d.uiScale.enabled=false -Xverify:none -Dswing.aatext=true -XX:-UsePerfData -Djdk.map.althashing.threshold=512 -XX:StringTableSize=4072 --add-opens=java.base/java.nio=ALL-UNNAMED --add-opens=java.desktop/sun.swing=ALL-UNNAMED --add-opens=java.desktop/javax.swing=ALL-UNNAMED --add-opens=java.desktop/javax.swing.tree=ALL-UNNAMED --add-opens=java.desktop/javax.swing.plaf.basic=ALL-UNNAMED --add-opens=java.desktop/javax.swing.plaf.synth=ALL-UNNAMED --add-opens=java.desktop/com.sun.awt=ALL-UNNAMED -XX:NewSize=60m -XX:MaxNewSize=60m -Xms256m -Xmx3072m -Xss5m 

Host: AMD Ryzen 5 4600U with Radeon Graphics         , 12 cores, 15G,  Windows 10 , 64 bit Build 22598 (10.0.22598.1)
Time: Mon Apr 18 17:10:17 2022 中国标准时间 elapsed time: 1170 seconds (0d 0h 19m 30s)

---------------  T H R E A D  ---------------

Current thread (0x000001a8ada88000):  JavaThread "AWT-EventQueue-0" [_thread_in_native, id=9856, stack(0x0000001482900000,0x0000001482e00000)]

Stack: [0x0000001482900000,0x0000001482e00000],  sp=0x0000001482df9268,  free space=5092k
Native frames: (J=compiled Java code, j=interpreted, Vv=VM code, C=native code)
C  0x00007ff9547dc0b0

Java frames: (J=compiled Java code, j=interpreted, Vv=VM code)
J 22039  ui.views.waveform.waveformi.WVExecutive_getGraphicsDataSize(J)J (0 bytes) @ 0x000001a898e78511 [0x000001a898e784c0+0x0000000000000051]
J 22038 c1 ui.views.waveform.executive.a.kUN()Ljava/io/ByteArrayInputStream; (118 bytes) @ 0x000001a893374bec [0x000001a893374b00+0x00000000000000ec]
J 22859 c1 ui.views.waveform.c.a.kUi()V (144 bytes) @ 0x000001a8934f2a34 [0x000001a8934f29a0+0x0000000000000094]
J 21996 c1 ui.views.waveform.w.aN(ZZ)V (53 bytes) @ 0x000001a89335d364 [0x000001a89335ce60+0x0000000000000504]
J 20876 c1 ui.views.waveform.d.b.j(Lui/frmwork/a/l;)V (605 bytes) @ 0x000001a8915e556c [0x000001a8915dca00+0x0000000000008b6c]
J 20875 c1 ui.views.waveform.w.handleTclEvent(Lui/frmwork/a/l;)V (17 bytes) @ 0x000001a89088993c [0x000001a890889860+0x00000000000000dc]
J 20905 c1 ui.frmwork.a.o.c(Lui/frmwork/a/l;)V (61 bytes) @ 0x000001a891201d0c [0x000001a891201360+0x00000000000009ac]
J 15498 c1 ui.frmwork.E.i(JZ)V (471 bytes) @ 0x000001a89262f23c [0x000001a89262b0c0+0x000000000000417c]
J 20835 c1 ui.frmwork.E.fireTclEvent(J)I (113 bytes) @ 0x000001a89109cf14 [0x000001a89109c740+0x00000000000007d4]
v  ~StubRoutines::call_stub
j  ui.views.waveform.waveformi.WVExecutive_scrollDown(JI)V+0
J 24754 c1 ui.views.waveform.d.b.g(Ljava/awt/event/MouseWheelEvent;)V (141 bytes) @ 0x000001a89384c144 [0x000001a89384b8e0+0x0000000000000864]
j  ui.views.waveform.g.j.mouseWheelMoved(Ljava/awt/event/MouseWheelEvent;)V+11
J 24736 c1 java.awt.Component.processMouseWheelEvent(Ljava/awt/event/MouseWheelEvent;)V java.desktop@11.0.2 (40 bytes) @ 0x000001a89384651c [0x000001a8938462e0+0x000000000000023c]
J 24720 c2 java.awt.Component.processEvent(Ljava/awt/AWTEvent;)V java.desktop@11.0.2 (220 bytes) @ 0x000001a8991ff2f0 [0x000001a8991ff0c0+0x0000000000000230]
J 18346 c1 ui.utils.swing.w.a.processEvent(Ljava/awt/AWTEvent;)V (71 bytes) @ 0x000001a8915004ec [0x000001a8914feae0+0x0000000000001a0c]
J 23830 c2 java.awt.Component.dispatchEventImpl(Ljava/awt/AWTEvent;)V java.desktop@11.0.2 (777 bytes) @ 0x000001a8990517b0 [0x000001a899050e80+0x0000000000000930]
J 23670 c2 java.awt.Container.dispatchEventImpl(Ljava/awt/AWTEvent;)V java.desktop@11.0.2 (129 bytes) @ 0x000001a8981792e8 [0x000001a898178b20+0x00000000000007c8]
J 17874 c2 java.awt.LightweightDispatcher.retargetMouseEvent(Ljava/awt/Component;ILjava/awt/event/MouseEvent;)V java.desktop@11.0.2 (372 bytes) @ 0x000001a8989cf248 [0x000001a8989cec80+0x00000000000005c8]
J 23670 c2 java.awt.Container.dispatchEventImpl(Ljava/awt/AWTEvent;)V java.desktop@11.0.2 (129 bytes) @ 0x000001a898179bd4 [0x000001a898178b20+0x00000000000010b4]
J 20484 c2 java.awt.Window.dispatchEventImpl(Ljava/awt/AWTEvent;)V java.desktop@11.0.2 (23 bytes) @ 0x000001a898cfb48c [0x000001a898cfb440+0x000000000000004c]
J 16478 c2 java.awt.EventQueue$4.run()Ljava/lang/Object; java.desktop@11.0.2 (5 bytes) @ 0x000001a8987b342c [0x000001a8987b32e0+0x000000000000014c]
v  ~StubRoutines::call_stub
J 3503  java.security.AccessController.doPrivileged(Ljava/security/PrivilegedAction;Ljava/security/AccessControlContext;)Ljava/lang/Object; java.base@11.0.2 (0 bytes) @ 0x000001a897b05936 [0x000001a897b058c0+0x0000000000000076]
J 19118 c2 java.awt.EventQueue$5.run()Ljava/lang/Object; java.desktop@11.0.2 (5 bytes) @ 0x000001a898b572f4 [0x000001a898b57080+0x0000000000000274]
v  ~StubRoutines::call_stub
J 3503  java.security.AccessController.doPrivileged(Ljava/security/PrivilegedAction;Ljava/security/AccessControlContext;)Ljava/lang/Object; java.base@11.0.2 (0 bytes) @ 0x000001a897b05936 [0x000001a897b058c0+0x0000000000000076]
J 16016 c2 java.awt.EventQueue.dispatchEvent(Ljava/awt/AWTEvent;)V java.desktop@11.0.2 (80 bytes) @ 0x000001a8986efae8 [0x000001a8986ef740+0x00000000000003a8]
J 16017 c2 ui.frmwork.a.d.dispatchEvent(Ljava/awt/AWTEvent;)V (42 bytes) @ 0x000001a8986f09d4 [0x000001a8986f08e0+0x00000000000000f4]
J 23468 c2 java.awt.EventDispatchThread.pumpOneEventForFilters(I)V java.desktop@11.0.2 (113 bytes) @ 0x000001a899007124 [0x000001a899006fc0+0x0000000000000164]
J 23466% c1 java.awt.EventDispatchThread.pumpEventsForFilter(ILjava/awt/Conditional;Ljava/awt/EventFilter;)V java.desktop@11.0.2 (47 bytes) @ 0x000001a8936cd1f4 [0x000001a8936ccea0+0x0000000000000354]
j  java.awt.EventDispatchThread.pumpEventsForHierarchy(ILjava/awt/Conditional;Ljava/awt/Component;)V+11 java.desktop@11.0.2
j  java.awt.EventDispatchThread.pumpEvents(ILjava/awt/Conditional;)V+4 java.desktop@11.0.2
j  java.awt.EventDispatchThread.pumpEvents(Ljava/awt/Conditional;)V+3 java.desktop@11.0.2
j  java.awt.EventDispatchThread.run()V+9 java.desktop@11.0.2
v  ~StubRoutines::call_stub

siginfo: EXCEPTION_ACCESS_VIOLATION (0xc0000005), data execution prevention violation at address 0x00007ff9547dc0b0


Register to memory mapping:

RIP=0x00007ff9547dc0b0 points into unknown readable memory: 01 00 00 00 00 00 00 00
RAX=0x00007ff9547819a8 points into unknown readable memory: 30 bc 3c 54 f9 7f 00 00
RBX=0x0000000000000001 is an unknown value
RCX=0x000001a8b18c77e0 points into unknown readable memory: a8 19 78 54 f9 7f 00 00
RDX=0x000001a8b0571310 points into unknown readable memory: 50 a5 7b 4d f9 7f 00 00
RSP=0x0000001482df9268 is pointing into the stack for thread: 0x000001a8ada88000
RBP=0x0000001482df9460 is pointing into the stack for thread: 0x000001a8ada88000
RSI=0x000001a8b0444ff0 points into unknown readable memory: b8 19 78 54 f9 7f 00 00
RDI=0x000001a8b18c77e0 points into unknown readable memory: a8 19 78 54 f9 7f 00 00
R8 =0x0000001482df9450 is pointing into the stack for thread: 0x000001a8ada88000
R9 =0x0000001482df9490 is pointing into the stack for thread: 0x000001a8ada88000
R10=0x00007ff9d0b30000 VCRUNTIME140.dll
R11=0x0030109200800000 is an unknown value
R12=0x0000001482df9450 is pointing into the stack for thread: 0x000001a8ada88000
R13=0x0000001482df9490 is pointing into the stack for thread: 0x000001a8ada88000
R14=0x0000001482df9568 is pointing into the stack for thread: 0x000001a8ada88000
R15=0x000001a8b0571310 points into unknown readable memory: 50 a5 7b 4d f9 7f 00 00


Registers:
RAX=0x00007ff9547819a8, RBX=0x0000000000000001, RCX=0x000001a8b18c77e0, RDX=0x000001a8b0571310
RSP=0x0000001482df9268, RBP=0x0000001482df9460, RSI=0x000001a8b0444ff0, RDI=0x000001a8b18c77e0
R8 =0x0000001482df9450, R9 =0x0000001482df9490, R10=0x00007ff9d0b30000, R11=0x0030109200800000
R12=0x0000001482df9450, R13=0x0000001482df9490, R14=0x0000001482df9568, R15=0x000001a8b0571310
RIP=0x00007ff9547dc0b0, EFLAGS=0x0000000000010206

Top of Stack: (sp=0x0000001482df9268)
0x0000001482df9268:   00007ff9544967a5 0000000000000000
0x0000001482df9278:   0000000000000000 00000001e8c73da8
0x0000001482df9288:   00007ff9eb34d84a fffffffffffffffe
0x0000001482df9298:   0000000000000010 000001a8b72c5400
0x0000001482df92a8:   000000074639ed40 00000000cb6276e0
0x0000001482df92b8:   0000000700000001 000001a800000000
0x0000001482df92c8:   000001a881029b40 0000000000000000
0x0000001482df92d8:   0000000752d2ca00 000001a8810202a4
0x0000001482df92e8:   0000000000000010 000001a881020e10
0x0000001482df92f8:   000001a898fc7500 00000f90f1aa2b9f
0x0000001482df9308:   0000000000000008 0000000000000000
0x0000001482df9318:   0000000000000000 0000001482df9568
0x0000001482df9328:   000001a8b03dea28 000001a8b18c77e0
0x0000001482df9338:   000001a8b0571310 000001a8b0444ff0
0x0000001482df9348:   0000001482df9460 0000000000000001
0x0000001482df9358:   00007ff95448e0d6 0000000000000008 

Instructions: (pc=0x00007ff9547dc0b0)
0x00007ff9547dc090:   00 00 00 00 ff ff ff ff 00 00 00 00 40 00 00 00
0x00007ff9547dc0a0:   60 c0 45 00 00 00 00 00 00 00 00 00 00 00 00 00
0x00007ff9547dc0b0:   01 00 00 00 00 00 00 00 00 00 00 00 b0 e8 59 00
0x00007ff9547dc0c0:   d8 c0 45 00 b0 c0 45 00 00 00 00 00 00 00 00 00 


Stack slot to memory mapping:
stack at sp + 0 slots: 0x00007ff9544967a5 points into unknown readable memory: 8b f0 83
stack at sp + 1 slots: 0x0 is NULL
stack at sp + 2 slots: 0x0 is NULL
stack at sp + 3 slots: 0x00000001e8c73da8 is an unknown value
stack at sp + 4 slots: 0x00007ff9eb34d84a ntdll.dll
stack at sp + 5 slots: 0xfffffffffffffffe is an unknown value
stack at sp + 6 slots: 0x0000000000000010 is an unknown value
stack at sp + 7 slots: 0x000001a8b72c5400 points into unknown readable memory: 40 9b 02 81 a8 01 00 00


---------------  P R O C E S S  ---------------

Threads class SMR info:
_java_thread_list=0x000001a8bc151960, length=51, elements={
0x000001a8a5c61800, 0x000001a8c3f29800, 0x000001a8c3f2b000, 0x000001a8c3f22800,
0x000001a8c3f25800, 0x000001a8c3f26800, 0x000001a8c3f4d000, 0x000001a8c3f6e800,
0x000001a8c40f3000, 0x000001a8c41e3000, 0x000001a8ad59a800, 0x000001a8ad6ef800,
0x000001a8ad75f800, 0x000001a8af819800, 0x000001a8ada88000, 0x000001a8b0c5d800,
0x000001a8b0cb1800, 0x000001a8b05de800, 0x000001a8b161d800, 0x000001a8b161b000,
0x000001a8b161c000, 0x000001a8b1619800, 0x000001a8b161a800, 0x000001a8b1620000,
0x000001a8b2f0b000, 0x000001a8b2f0a800, 0x000001a8b2f0c000, 0x000001a8b2f0c800,
0x000001a8b2f11800, 0x000001a8b2f15000, 0x000001a8b2f13000, 0x000001a8b2f0f000,
0x000001a8b2f12800, 0x000001a8b2f14000, 0x000001a8b2f10000, 0x000001a8b2f08000,
0x000001a8b2f0d800, 0x000001a8b2f11000, 0x000001a8b161d000, 0x000001a8b161f000,
0x000001a8c48b6000, 0x000001a8b2f0e800, 0x000001a8c48bb000, 0x000001a8c48b7800,
0x000001a8b161e800, 0x000001a8c48b8800, 0x000001a8b3131000, 0x000001a8b312b800,
0x000001a8b312c800, 0x000001a8b312e800, 0x000001a8b312d000
}

Java Threads: ( => current thread )
  0x000001a8a5c61800 JavaThread "main" [_thread_blocked, id=9388, stack(0x00000014fdb00000,0x00000014fdc00000)]
  0x000001a8c3f29800 JavaThread "Reference Handler" daemon [_thread_blocked, id=18652, stack(0x00000014fe200000,0x00000014fe700000)]
  0x000001a8c3f2b000 JavaThread "Finalizer" daemon [_thread_blocked, id=18724, stack(0x00000014fe700000,0x00000014fec00000)]
  0x000001a8c3f22800 JavaThread "Signal Dispatcher" daemon [_thread_blocked, id=22224, stack(0x00000014fec00000,0x00000014ff100000)]
  0x000001a8c3f25800 JavaThread "Attach Listener" daemon [_thread_blocked, id=14452, stack(0x00000014ff100000,0x00000014ff600000)]
  0x000001a8c3f26800 JavaThread "C2 CompilerThread0" daemon [_thread_blocked, id=9944, stack(0x00000014ff600000,0x00000014ff700000)]
  0x000001a8c3f4d000 JavaThread "C1 CompilerThread0" daemon [_thread_blocked, id=18712, stack(0x00000014ff700000,0x00000014ff800000)]
  0x000001a8c3f6e800 JavaThread "Sweeper thread" daemon [_thread_blocked, id=16420, stack(0x00000014ff800000,0x00000014ffd00000)]
  0x000001a8c40f3000 JavaThread "Common-Cleaner" daemon [_thread_blocked, id=11408, stack(0x0000001480000000,0x0000001480500000)]
  0x000001a8c41e3000 JavaThread "Service Thread" daemon [_thread_blocked, id=14872, stack(0x0000001480500000,0x0000001480a00000)]
  0x000001a8ad59a800 JavaThread "Java2D Disposer" daemon [_thread_blocked, id=1844, stack(0x0000001480a00000,0x0000001480f00000)]
  0x000001a8ad6ef800 JavaThread "AWT-Shutdown" [_thread_blocked, id=16608, stack(0x0000001480f00000,0x0000001481400000)]
  0x000001a8ad75f800 JavaThread "AWT-Windows" daemon [_thread_in_native, id=6012, stack(0x0000001481400000,0x0000001481900000)]
  0x000001a8af819800 JavaThread "TimerQueue" daemon [_thread_blocked, id=5348, stack(0x0000001481f00000,0x0000001482400000)]
=>0x000001a8ada88000 JavaThread "AWT-EventQueue-0" [_thread_in_native, id=9856, stack(0x0000001482900000,0x0000001482e00000)]
  0x000001a8b0c5d800 JavaThread "Thread-1" [_thread_in_native, id=16064, stack(0x00000014fc500000,0x00000014fd900000)]
  0x000001a8b0cb1800 JavaThread "Process Messages Thread" [_thread_blocked, id=19572, stack(0x0000001483300000,0x0000001483800000)]
  0x000001a8b05de800 JavaThread "Batik CleanerThread" daemon [_thread_blocked, id=22472, stack(0x0000001482e00000,0x0000001483300000)]
  0x000001a8b161d800 JavaThread "SyntheticaCleanerThread" daemon [_thread_blocked, id=4248, stack(0x0000001484500000,0x0000001484a00000)]
  0x000001a8b161b000 JavaThread "Monitor HEventQueue Thread" [_thread_blocked, id=5364, stack(0x0000001484d00000,0x0000001485200000)]
  0x000001a8b161c000 JavaThread "SyntheticaAnimation 50" daemon [_thread_blocked, id=17396, stack(0x0000001485200000,0x0000001485700000)]
  0x000001a8b1619800 JavaThread "SyntheticaAnimation 25" daemon [_thread_blocked, id=16496, stack(0x0000001485800000,0x0000001485d00000)]
  0x000001a8b161a800 JavaThread "Swing-Shell" daemon [_thread_blocked, id=13348, stack(0x0000001486100000,0x0000001486600000)]
  0x000001a8b1620000 JavaThread "SyntheticaAnimation 70" daemon [_thread_blocked, id=16848, stack(0x0000001486b00000,0x0000001487000000)]
  0x000001a8b2f0b000 JavaThread "Refresh Filesets Swing Worker Thread" [_thread_blocked, id=11064, stack(0x0000001486600000,0x0000001486b00000)]
  0x000001a8b2f0a800 JavaThread "Thread-17" [_thread_blocked, id=2596, stack(0x0000001487500000,0x0000001487a00000)]
  0x000001a8b2f0c000 JavaThread "OutputGobbler" daemon [_thread_in_native, id=8148, stack(0x0000001487a00000,0x0000001487f00000)]
  0x000001a8b2f0c800 JavaThread "ErrorGobbler" daemon [_thread_in_native, id=12400, stack(0x0000001487f00000,0x0000001488400000)]
  0x000001a8b2f11800 JavaThread "hw_ila_monitor" [_thread_blocked, id=16036, stack(0x0000001488e00000,0x0000001489300000)]
  0x000001a8b2f15000 JavaThread "pool-2-thread-1" [_thread_blocked, id=9940, stack(0x0000001489800000,0x0000001489d00000)]
  0x000001a8b2f13000 JavaThread "pool-3-thread-1" [_thread_blocked, id=17912, stack(0x0000001489d00000,0x000000148a200000)]
  0x000001a8b2f0f000 JavaThread "pool-4-thread-1" [_thread_blocked, id=17916, stack(0x000000148a200000,0x000000148a700000)]
  0x000001a8b2f12800 JavaThread "pool-5-thread-1" [_thread_blocked, id=2976, stack(0x000000148a700000,0x000000148ac00000)]
  0x000001a8b2f14000 JavaThread "pool-6-thread-1" [_thread_blocked, id=2340, stack(0x000000148ac00000,0x000000148b100000)]
  0x000001a8b2f10000 JavaThread "Update Runs Swing Worker Thread" [_thread_blocked, id=17864, stack(0x000000148b600000,0x000000148bb00000)]
  0x000001a8b2f08000 JavaThread "Watchdog Thread for com.sigasi.lsp.server.BootstrappedLspServer" daemon [_thread_blocked, id=17440, stack(0x0000001482400000,0x0000001482900000)]
  0x000001a8b2f0d800 JavaThread "Life support thread" daemon [_thread_blocked, id=18248, stack(0x0000001488900000,0x0000001488e00000)]
  0x000001a8b2f11000 JavaThread "Protocol translation thread 0" [_thread_in_native, id=17480, stack(0x000000148b100000,0x000000148b600000)]
  0x000001a8b161d000 JavaThread "pool-8-thread-1" [_thread_blocked, id=17452, stack(0x000000148bb00000,0x000000148c000000)]
  0x000001a8b161f000 JavaThread "EMF Reference Cleaner" daemon [_thread_blocked, id=17028, stack(0x0000001483f00000,0x0000001484400000)]
  0x000001a8c48b6000 JavaThread "SyntheticaAnimation 50" daemon [_thread_blocked, id=19204, stack(0x000000148cb00000,0x000000148d000000)]
  0x000001a8b2f0e800 JavaThread "pool-9-thread-1" [_thread_blocked, id=16528, stack(0x000000148d800000,0x000000148dd00000)]
  0x000001a8c48bb000 JavaThread "Timer-1" [_thread_blocked, id=22104, stack(0x000000148c000000,0x000000148c500000)]
  0x000001a8c48b7800 JavaThread "Monitor File Timestamp Swing Worker Thread" [_thread_blocked, id=18608, stack(0x000000148c500000,0x000000148ca00000)]
  0x000001a8b161e800 JavaThread "Thread-1005" [_thread_in_native, id=22516, stack(0x0000001484a00000,0x0000001484b00000)]
  0x000001a8c48b8800 JavaThread "Thread-1006" [_thread_in_native, id=14296, stack(0x0000001484400000,0x0000001484500000)]
  0x000001a8b3131000 JavaThread "Timer-2" [_thread_blocked, id=23124, stack(0x0000001487000000,0x0000001487500000)]
  0x000001a8b312b800 JavaThread "Monitor File Timestamp Swing Worker Thread" [_thread_blocked, id=3656, stack(0x000000148d000000,0x000000148d500000)]
  0x000001a8b312c800 JavaThread "ForkJoinPool.commonPool-worker-9" daemon [_thread_blocked, id=2884, stack(0x000000148e200000,0x000000148e700000)]
  0x000001a8b312e800 JavaThread "Image Fetcher 0" daemon [_thread_blocked, id=16208, stack(0x0000001488400000,0x0000001488900000)]
  0x000001a8b312d000 JavaThread "Relaunch Simulation Thread" [_thread_blocked, id=20352, stack(0x0000001489300000,0x0000001489800000)]

Other Threads:
  0x000001a8c3f13800 VMThread "VM Thread" [stack: 0x00000014fe100000,0x00000014fe200000] [id=22980]
  0x000001a8c41ec000 WatcherThread [stack: 0x00000014ffe00000,0x00000014fff00000] [id=13804]
  0x000001a8a3f21800 GCTaskThread "GC Thread#0" [stack: 0x00000014fdc00000,0x00000014fdd00000] [id=20208]
  0x000001a8af782000 GCTaskThread "GC Thread#1" [stack: 0x0000001481900000,0x0000001481a00000] [id=23408]
  0x000001a8afa1e800 GCTaskThread "GC Thread#2" [stack: 0x0000001481a00000,0x0000001481b00000] [id=19280]
  0x000001a8ad9b9000 GCTaskThread "GC Thread#3" [stack: 0x0000001481b00000,0x0000001481c00000] [id=4460]
  0x000001a8af9c6800 GCTaskThread "GC Thread#4" [stack: 0x0000001481c00000,0x0000001481d00000] [id=21124]
  0x000001a8ad997800 GCTaskThread "GC Thread#5" [stack: 0x0000001481d00000,0x0000001481e00000] [id=18736]
  0x000001a8ae28b800 GCTaskThread "GC Thread#6" [stack: 0x0000001483800000,0x0000001483900000] [id=6176]
  0x000001a8ae28e000 GCTaskThread "GC Thread#7" [stack: 0x0000001483900000,0x0000001483a00000] [id=724]
  0x000001a8ae28d000 GCTaskThread "GC Thread#8" [stack: 0x0000001483a00000,0x0000001483b00000] [id=3616]
  0x000001a8ae28c800 GCTaskThread "GC Thread#9" [stack: 0x0000001483b00000,0x0000001483c00000] [id=9684]
  0x000001a8a7480800 ConcurrentGCThread "G1 Main Marker" [stack: 0x00000014fdd00000,0x00000014fde00000] [id=22136]
  0x000001a8a4d69800 ConcurrentGCThread "G1 Conc#0" [stack: 0x00000014fde00000,0x00000014fdf00000] [id=11056]
  0x000001a8b0b95000 ConcurrentGCThread "G1 Conc#1" [stack: 0x0000001483c00000,0x0000001483d00000] [id=8920]
  0x000001a8b0b99800 ConcurrentGCThread "G1 Conc#2" [stack: 0x0000001483d00000,0x0000001483e00000] [id=19556]
  0x000001a8a77d0800 ConcurrentGCThread "G1 Refine#0" [stack: 0x00000014fdf00000,0x00000014fe000000] [id=23428]
  0x000001a8ad679000 ConcurrentGCThread "G1 Refine#1" [stack: 0x0000001481e00000,0x0000001481f00000] [id=10924]
  0x000001a8b0b97800 ConcurrentGCThread "G1 Refine#2" [stack: 0x0000001485700000,0x0000001485800000] [id=16796]
  0x000001a8a74a7800 ConcurrentGCThread "G1 Young RemSet Sampling" [stack: 0x00000014fe000000,0x00000014fe100000] [id=20912]

Threads with active compile tasks:

VM state:not at safepoint (normal execution)

VM Mutex/Monitor currently owned by a thread: None

Heap address: 0x0000000740000000, size: 3072 MB, Compressed Oops mode: Zero based, Oop shift amount: 3
Narrow klass base: 0x0000000800000000, Narrow klass shift: 0
Compressed class space size: 1073741824 Address: 0x0000000800000000

Heap:
 garbage-first heap   total 315392K, used 125578K [0x0000000740000000, 0x0000000800000000)
  region size 1024K, 7 young (7168K), 0 survivors (0K)
 Metaspace       used 108803K, capacity 111672K, committed 111900K, reserved 1144832K
  class space    used 14529K, capacity 15796K, committed 15900K, reserved 1048576K
Heap Regions: E=young(eden), S=young(survivor), O=old, HS=humongous(starts), HC=humongous(continues), CS=collection set, F=free, A=archive, TAMS=top-at-mark-start (previous, next)
|   0|0x0000000740000000, 0x0000000740100000, 0x0000000740100000|100%|HS|  |TAMS 0x0000000740000000, 0x0000000740000000| Untracked 
|   1|0x0000000740100000, 0x0000000740200000, 0x0000000740200000|100%|HC|  |TAMS 0x0000000740100000, 0x0000000740100000| Untracked 
|   2|0x0000000740200000, 0x0000000740300000, 0x0000000740300000|100%|HS|  |TAMS 0x0000000740200000, 0x0000000740200000| Untracked 
|   3|0x0000000740300000, 0x0000000740400000, 0x0000000740400000|100%| O|  |TAMS 0x0000000740300000, 0x0000000740300000| Untracked 
|   4|0x0000000740400000, 0x00000007404fffe8, 0x0000000740500000| 99%| O|  |TAMS 0x0000000740400000, 0x0000000740400000| Untracked 
|   5|0x0000000740500000, 0x00000007405fffd8, 0x0000000740600000| 99%| O|  |TAMS 0x0000000740500000, 0x0000000740500000| Untracked 
|   6|0x0000000740600000, 0x0000000740700000, 0x0000000740700000|100%| O|  |TAMS 0x0000000740600000, 0x0000000740600000| Untracked 
|   7|0x0000000740700000, 0x00000007407ffff0, 0x0000000740800000| 99%| O|  |TAMS 0x0000000740700000, 0x0000000740700000| Untracked 
|   8|0x0000000740800000, 0x0000000740900000, 0x0000000740900000|100%| O|  |TAMS 0x0000000740800000, 0x0000000740800000| Untracked 
|   9|0x0000000740900000, 0x0000000740a00000, 0x0000000740a00000|100%| O|  |TAMS 0x0000000740900000, 0x0000000740900000| Untracked 
|  10|0x0000000740a00000, 0x0000000740affff8, 0x0000000740b00000| 99%| O|  |TAMS 0x0000000740a00000, 0x0000000740a00000| Untracked 
|  11|0x0000000740b00000, 0x0000000740c00000, 0x0000000740c00000|100%| O|  |TAMS 0x0000000740b00000, 0x0000000740b00000| Untracked 
|  12|0x0000000740c00000, 0x0000000740d00000, 0x0000000740d00000|100%| O|  |TAMS 0x0000000740c00000, 0x0000000740c00000| Untracked 
|  13|0x0000000740d00000, 0x0000000740dfffc8, 0x0000000740e00000| 99%| O|  |TAMS 0x0000000740d00000, 0x0000000740d00000| Untracked 
|  14|0x0000000740e00000, 0x0000000740efffd8, 0x0000000740f00000| 99%| O|  |TAMS 0x0000000740e00000, 0x0000000740e00000| Untracked 
|  15|0x0000000740f00000, 0x0000000740fffff0, 0x0000000741000000| 99%| O|  |TAMS 0x0000000740f00000, 0x0000000740f00000| Untracked 
|  16|0x0000000741000000, 0x00000007410ffff0, 0x0000000741100000| 99%| O|  |TAMS 0x0000000741000000, 0x0000000741000000| Untracked 
|  17|0x0000000741100000, 0x00000007411ffff0, 0x0000000741200000| 99%| O|  |TAMS 0x0000000741100000, 0x0000000741100000| Untracked 
|  18|0x0000000741200000, 0x00000007412ffff0, 0x0000000741300000| 99%| O|  |TAMS 0x0000000741200000, 0x0000000741200000| Untracked 
|  19|0x0000000741300000, 0x00000007413fffe8, 0x0000000741400000| 99%| O|  |TAMS 0x0000000741300000, 0x0000000741300000| Untracked 
|  20|0x0000000741400000, 0x0000000741500000, 0x0000000741500000|100%| O|  |TAMS 0x0000000741400000, 0x0000000741400000| Untracked 
|  21|0x0000000741500000, 0x0000000741600000, 0x0000000741600000|100%|HS|  |TAMS 0x0000000741500000, 0x0000000741500000| Untracked 
|  22|0x0000000741600000, 0x0000000741700000, 0x0000000741700000|100%|HS|  |TAMS 0x0000000741600000, 0x0000000741600000| Untracked 
|  23|0x0000000741700000, 0x0000000741800000, 0x0000000741800000|100%|HS|  |TAMS 0x0000000741700000, 0x0000000741700000| Untracked 
|  24|0x0000000741800000, 0x0000000741900000, 0x0000000741900000|100%|HC|  |TAMS 0x0000000741800000, 0x0000000741800000| Untracked 
|  25|0x0000000741900000, 0x0000000741a00000, 0x0000000741a00000|100%| O|  |TAMS 0x0000000741900000, 0x0000000741900000| Untracked 
|  26|0x0000000741a00000, 0x0000000741affff8, 0x0000000741b00000| 99%| O|  |TAMS 0x0000000741a00000, 0x0000000741a00000| Untracked 
|  27|0x0000000741b00000, 0x0000000741bffff0, 0x0000000741c00000| 99%| O|  |TAMS 0x0000000741b00000, 0x0000000741b00000| Untracked 
|  28|0x0000000741c00000, 0x0000000741d00000, 0x0000000741d00000|100%| O|  |TAMS 0x0000000741c00000, 0x0000000741c00000| Untracked 
|  29|0x0000000741d00000, 0x0000000741dffff0, 0x0000000741e00000| 99%| O|  |TAMS 0x0000000741d00000, 0x0000000741d00000| Untracked 
|  30|0x0000000741e00000, 0x0000000741effff0, 0x0000000741f00000| 99%| O|  |TAMS 0x0000000741e00000, 0x0000000741e00000| Untracked 
|  31|0x0000000741f00000, 0x0000000742000000, 0x0000000742000000|100%| O|  |TAMS 0x0000000741f00000, 0x0000000741f00000| Untracked 
|  32|0x0000000742000000, 0x00000007420ffff0, 0x0000000742100000| 99%| O|  |TAMS 0x0000000742000000, 0x0000000742000000| Untracked 
|  33|0x0000000742100000, 0x00000007421ffff8, 0x0000000742200000| 99%| O|  |TAMS 0x0000000742100000, 0x0000000742100000| Untracked 
|  34|0x0000000742200000, 0x0000000742300000, 0x0000000742300000|100%| O|  |TAMS 0x0000000742200000, 0x0000000742200000| Untracked 
|  35|0x0000000742300000, 0x00000007423ffff8, 0x0000000742400000| 99%| O|  |TAMS 0x0000000742300000, 0x0000000742300000| Untracked 
|  36|0x0000000742400000, 0x0000000742500000, 0x0000000742500000|100%| O|  |TAMS 0x0000000742400000, 0x0000000742400000| Untracked 
|  37|0x0000000742500000, 0x00000007425ffff8, 0x0000000742600000| 99%| O|  |TAMS 0x0000000742500000, 0x0000000742500000| Untracked 
|  38|0x0000000742600000, 0x0000000742700000, 0x0000000742700000|100%| O|  |TAMS 0x0000000742600000, 0x0000000742600000| Untracked 
|  39|0x0000000742700000, 0x0000000742800000, 0x0000000742800000|100%|HS|  |TAMS 0x0000000742700000, 0x0000000742700000| Untracked 
|  40|0x0000000742800000, 0x00000007428ffff0, 0x0000000742900000| 99%| O|  |TAMS 0x0000000742800000, 0x0000000742800000| Untracked 
|  41|0x0000000742900000, 0x0000000742a00000, 0x0000000742a00000|100%| O|  |TAMS 0x0000000742900000, 0x0000000742900000| Untracked 
|  42|0x0000000742a00000, 0x0000000742b00000, 0x0000000742b00000|100%| O|  |TAMS 0x0000000742a00000, 0x0000000742a00000| Untracked 
|  43|0x0000000742b00000, 0x0000000742c00000, 0x0000000742c00000|100%| O|  |TAMS 0x0000000742b00000, 0x0000000742b00000| Untracked 
|  44|0x0000000742c00000, 0x0000000742cfffe0, 0x0000000742d00000| 99%| O|  |TAMS 0x0000000742c00000, 0x0000000742c00000| Untracked 
|  45|0x0000000742d00000, 0x0000000742dffff8, 0x0000000742e00000| 99%| O|  |TAMS 0x0000000742d00000, 0x0000000742d00000| Untracked 
|  46|0x0000000742e00000, 0x0000000742f00000, 0x0000000742f00000|100%| O|  |TAMS 0x0000000742e00000, 0x0000000742e00000| Untracked 
|  47|0x0000000742f00000, 0x0000000742fffff0, 0x0000000743000000| 99%| O|  |TAMS 0x0000000742f00000, 0x0000000742f00000| Untracked 
|  48|0x0000000743000000, 0x00000007430fffe8, 0x0000000743100000| 99%| O|  |TAMS 0x0000000743000000, 0x0000000743000000| Untracked 
|  49|0x0000000743100000, 0x00000007431ffff0, 0x0000000743200000| 99%| O|  |TAMS 0x0000000743100000, 0x0000000743100000| Untracked 
|  50|0x0000000743200000, 0x0000000743300000, 0x0000000743300000|100%| O|  |TAMS 0x0000000743200000, 0x0000000743200000| Untracked 
|  51|0x0000000743300000, 0x0000000743400000, 0x0000000743400000|100%| O|  |TAMS 0x0000000743300000, 0x0000000743300000| Untracked 
|  52|0x0000000743400000, 0x0000000743500000, 0x0000000743500000|100%|HS|  |TAMS 0x0000000743400000, 0x0000000743400000| Untracked 
|  53|0x0000000743500000, 0x0000000743600000, 0x0000000743600000|100%|HC|  |TAMS 0x0000000743500000, 0x0000000743500000| Untracked 
|  54|0x0000000743600000, 0x0000000743700000, 0x0000000743700000|100%|HC|  |TAMS 0x0000000743600000, 0x0000000743600000| Untracked 
|  55|0x0000000743700000, 0x0000000743800000, 0x0000000743800000|100%|HC|  |TAMS 0x0000000743700000, 0x0000000743700000| Untracked 
|  56|0x0000000743800000, 0x0000000743900000, 0x0000000743900000|100%|HC|  |TAMS 0x0000000743800000, 0x0000000743800000| Untracked 
|  57|0x0000000743900000, 0x0000000743a00000, 0x0000000743a00000|100%|HC|  |TAMS 0x0000000743900000, 0x0000000743900000| Untracked 
|  58|0x0000000743a00000, 0x0000000743b00000, 0x0000000743b00000|100%|HC|  |TAMS 0x0000000743a00000, 0x0000000743a00000| Untracked 
|  59|0x0000000743b00000, 0x0000000743c00000, 0x0000000743c00000|100%|HC|  |TAMS 0x0000000743b00000, 0x0000000743b00000| Untracked 
|  60|0x0000000743c00000, 0x0000000743d00000, 0x0000000743d00000|100%|HC|  |TAMS 0x0000000743c00000, 0x0000000743c00000| Untracked 
|  61|0x0000000743d00000, 0x0000000743e00000, 0x0000000743e00000|100%|HC|  |TAMS 0x0000000743d00000, 0x0000000743d00000| Untracked 
|  62|0x0000000743e00000, 0x0000000743f00000, 0x0000000743f00000|100%|HC|  |TAMS 0x0000000743e00000, 0x0000000743e00000| Untracked 
|  63|0x0000000743f00000, 0x0000000744000000, 0x0000000744000000|100%|HC|  |TAMS 0x0000000743f00000, 0x0000000743f00000| Untracked 
|  64|0x0000000744000000, 0x0000000744100000, 0x0000000744100000|100%|HC|  |TAMS 0x0000000744000000, 0x0000000744000000| Untracked 
|  65|0x0000000744100000, 0x0000000744200000, 0x0000000744200000|100%|HC|  |TAMS 0x0000000744100000, 0x0000000744100000| Untracked 
|  66|0x0000000744200000, 0x0000000744300000, 0x0000000744300000|100%|HC|  |TAMS 0x0000000744200000, 0x0000000744200000| Untracked 
|  67|0x0000000744300000, 0x00000007443ffff8, 0x0000000744400000| 99%| O|  |TAMS 0x0000000744300000, 0x0000000744300000| Untracked 
|  68|0x0000000744400000, 0x0000000744500000, 0x0000000744500000|100%| O|  |TAMS 0x0000000744400000, 0x0000000744400000| Untracked 
|  69|0x0000000744500000, 0x0000000744600000, 0x0000000744600000|100%| O|  |TAMS 0x0000000744500000, 0x0000000744500000| Untracked 
|  70|0x0000000744600000, 0x00000007446ffff8, 0x0000000744700000| 99%| O|  |TAMS 0x0000000744600000, 0x0000000744600000| Untracked 
|  71|0x0000000744700000, 0x00000007447ffff8, 0x0000000744800000| 99%| O|  |TAMS 0x0000000744700000, 0x0000000744700000| Untracked 
|  72|0x0000000744800000, 0x00000007448ffff0, 0x0000000744900000| 99%| O|  |TAMS 0x0000000744800000, 0x0000000744800000| Untracked 
|  73|0x0000000744900000, 0x00000007449fffc8, 0x0000000744a00000| 99%| O|  |TAMS 0x0000000744900000, 0x0000000744900000| Untracked 
|  74|0x0000000744a00000, 0x0000000744affff8, 0x0000000744b00000| 99%| O|  |TAMS 0x0000000744a00000, 0x0000000744a00000| Untracked 
|  75|0x0000000744b00000, 0x0000000744c00000, 0x0000000744c00000|100%| O|  |TAMS 0x0000000744b00000, 0x0000000744b00000| Untracked 
|  76|0x0000000744c00000, 0x0000000744cffff0, 0x0000000744d00000| 99%| O|  |TAMS 0x0000000744c00000, 0x0000000744c00000| Untracked 
|  77|0x0000000744d00000, 0x0000000744dfffd0, 0x0000000744e00000| 99%| O|  |TAMS 0x0000000744d00000, 0x0000000744d00000| Untracked 
|  78|0x0000000744e00000, 0x0000000744f00000, 0x0000000744f00000|100%| O|  |TAMS 0x0000000744e00000, 0x0000000744e00000| Untracked 
|  79|0x0000000744f00000, 0x0000000745000000, 0x0000000745000000|100%| O|  |TAMS 0x0000000744f00000, 0x0000000744f00000| Untracked 
|  80|0x0000000745000000, 0x00000007450fffe8, 0x0000000745100000| 99%| O|  |TAMS 0x0000000745000000, 0x0000000745000000| Untracked 
|  81|0x0000000745100000, 0x00000007451ffff0, 0x0000000745200000| 99%| O|  |TAMS 0x0000000745100000, 0x0000000745100000| Untracked 
|  82|0x0000000745200000, 0x00000007452ffff8, 0x0000000745300000| 99%| O|  |TAMS 0x0000000745200000, 0x0000000745200000| Untracked 
|  83|0x0000000745300000, 0x00000007453ffff8, 0x0000000745400000| 99%| O|  |TAMS 0x0000000745300000, 0x0000000745300000| Untracked 
|  84|0x0000000745400000, 0x00000007454ffff8, 0x0000000745500000| 99%| O|  |TAMS 0x0000000745400000, 0x0000000745400000| Untracked 
|  85|0x0000000745500000, 0x00000007455ffff8, 0x0000000745600000| 99%| O|  |TAMS 0x0000000745500000, 0x0000000745500000| Untracked 
|  86|0x0000000745600000, 0x0000000745700000, 0x0000000745700000|100%| O|  |TAMS 0x0000000745600000, 0x0000000745600000| Untracked 
|  87|0x0000000745700000, 0x0000000745800000, 0x0000000745800000|100%| O|  |TAMS 0x0000000745700000, 0x0000000745700000| Untracked 
|  88|0x0000000745800000, 0x0000000745900000, 0x0000000745900000|100%| O|  |TAMS 0x0000000745800000, 0x0000000745800000| Untracked 
|  89|0x0000000745900000, 0x0000000745a00000, 0x0000000745a00000|100%| O|  |TAMS 0x0000000745900000, 0x0000000745900000| Untracked 
|  90|0x0000000745a00000, 0x0000000745b00000, 0x0000000745b00000|100%| O|  |TAMS 0x0000000745a00000, 0x0000000745a00000| Untracked 
|  91|0x0000000745b00000, 0x0000000745c00000, 0x0000000745c00000|100%| O|  |TAMS 0x0000000745b00000, 0x0000000745b00000| Untracked 
|  92|0x0000000745c00000, 0x0000000745cfffe8, 0x0000000745d00000| 99%| O|  |TAMS 0x0000000745c00000, 0x0000000745c00000| Untracked 
|  93|0x0000000745d00000, 0x0000000745e00000, 0x0000000745e00000|100%| O|  |TAMS 0x0000000745d00000, 0x0000000745d00000| Untracked 
|  94|0x0000000745e00000, 0x0000000745effff8, 0x0000000745f00000| 99%| O|  |TAMS 0x0000000745e00000, 0x0000000745e00000| Untracked 
|  95|0x0000000745f00000, 0x0000000745ffffb8, 0x0000000746000000| 99%| O|  |TAMS 0x0000000745f00000, 0x0000000745f00000| Untracked 
|  96|0x0000000746000000, 0x00000007460ffff0, 0x0000000746100000| 99%| O|  |TAMS 0x0000000746000000, 0x0000000746000000| Untracked 
|  97|0x0000000746100000, 0x00000007461fffd8, 0x0000000746200000| 99%| O|  |TAMS 0x0000000746100000, 0x0000000746100000| Untracked 
|  98|0x0000000746200000, 0x00000007462ffff8, 0x0000000746300000| 99%| O|  |TAMS 0x0000000746200000, 0x0000000746200000| Untracked 
|  99|0x0000000746300000, 0x00000007463ffff8, 0x0000000746400000| 99%| O|  |TAMS 0x0000000746300000, 0x0000000746300000| Untracked 
| 100|0x0000000746400000, 0x00000007464ffff0, 0x0000000746500000| 99%| O|  |TAMS 0x0000000746400000, 0x0000000746400000| Untracked 
| 101|0x0000000746500000, 0x00000007465ffff0, 0x0000000746600000| 99%| O|  |TAMS 0x0000000746500000, 0x0000000746500000| Untracked 
| 102|0x0000000746600000, 0x0000000746700000, 0x0000000746700000|100%| O|  |TAMS 0x0000000746600000, 0x0000000746600000| Untracked 
| 103|0x0000000746700000, 0x00000007467ffff8, 0x0000000746800000| 99%| O|  |TAMS 0x0000000746700000, 0x0000000746700000| Untracked 
| 104|0x0000000746800000, 0x00000007468ffea8, 0x0000000746900000| 99%| O|  |TAMS 0x0000000746800000, 0x0000000746800000| Untracked 
| 105|0x0000000746900000, 0x00000007469fffe8, 0x0000000746a00000| 99%| O|  |TAMS 0x0000000746900000, 0x0000000746900000| Untracked 
| 106|0x0000000746a00000, 0x0000000746afb670, 0x0000000746b00000| 98%| O|  |TAMS 0x0000000746a00000, 0x0000000746a00000| Untracked 
| 107|0x0000000746b00000, 0x0000000746bfbd48, 0x0000000746c00000| 98%| O|  |TAMS 0x0000000746b00000, 0x0000000746b00000| Untracked 
| 108|0x0000000746c00000, 0x0000000746ccaa90, 0x0000000746d00000| 79%| O|  |TAMS 0x0000000746c00000, 0x0000000746c00000| Untracked 
| 109|0x0000000746d00000, 0x0000000746dffff0, 0x0000000746e00000| 99%| O|  |TAMS 0x0000000746d00000, 0x0000000746d00000| Untracked 
| 110|0x0000000746e00000, 0x0000000746e52338, 0x0000000746f00000| 32%| O|  |TAMS 0x0000000746e00000, 0x0000000746e00000| Untracked 
| 111|0x0000000746f00000, 0x0000000746f82b68, 0x0000000747000000| 51%| O|  |TAMS 0x0000000746f00000, 0x0000000746f00000| Untracked 
| 112|0x0000000747000000, 0x0000000747100000, 0x0000000747100000|100%|HS|  |TAMS 0x0000000747000000, 0x0000000747000000| Untracked 
| 113|0x0000000747100000, 0x0000000747100000, 0x0000000747200000|  0%| F|  |TAMS 0x0000000747100000, 0x0000000747100000| Untracked 
| 114|0x0000000747200000, 0x0000000747200000, 0x0000000747300000|  0%| F|  |TAMS 0x0000000747200000, 0x0000000747200000| Untracked 
| 115|0x0000000747300000, 0x0000000747300000, 0x0000000747400000|  0%| F|  |TAMS 0x0000000747300000, 0x0000000747300000| Untracked 
| 116|0x0000000747400000, 0x0000000747400000, 0x0000000747500000|  0%| F|  |TAMS 0x0000000747400000, 0x0000000747400000| Untracked 
| 117|0x0000000747500000, 0x0000000747500000, 0x0000000747600000|  0%| F|  |TAMS 0x0000000747500000, 0x0000000747500000| Untracked 
| 118|0x0000000747600000, 0x0000000747600000, 0x0000000747700000|  0%| F|  |TAMS 0x0000000747600000, 0x0000000747600000| Untracked 
| 119|0x0000000747700000, 0x0000000747700000, 0x0000000747800000|  0%| F|  |TAMS 0x0000000747700000, 0x0000000747700000| Untracked 
| 120|0x0000000747800000, 0x0000000747800000, 0x0000000747900000|  0%| F|  |TAMS 0x0000000747800000, 0x0000000747800000| Untracked 
| 121|0x0000000747900000, 0x0000000747900000, 0x0000000747a00000|  0%| F|  |TAMS 0x0000000747900000, 0x0000000747900000| Untracked 
| 122|0x0000000747a00000, 0x0000000747a00000, 0x0000000747b00000|  0%| F|  |TAMS 0x0000000747a00000, 0x0000000747a00000| Untracked 
| 123|0x0000000747b00000, 0x0000000747b00000, 0x0000000747c00000|  0%| F|  |TAMS 0x0000000747b00000, 0x0000000747b00000| Untracked 
| 124|0x0000000747c00000, 0x0000000747c00000, 0x0000000747d00000|  0%| F|  |TAMS 0x0000000747c00000, 0x0000000747c00000| Untracked 
| 125|0x0000000747d00000, 0x0000000747d00000, 0x0000000747e00000|  0%| F|  |TAMS 0x0000000747d00000, 0x0000000747d00000| Untracked 
| 126|0x0000000747e00000, 0x0000000747e00000, 0x0000000747f00000|  0%| F|  |TAMS 0x0000000747e00000, 0x0000000747e00000| Untracked 
| 127|0x0000000747f00000, 0x0000000747f00000, 0x0000000748000000|  0%| F|  |TAMS 0x0000000747f00000, 0x0000000747f00000| Untracked 
| 128|0x0000000748000000, 0x0000000748000000, 0x0000000748100000|  0%| F|  |TAMS 0x0000000748000000, 0x0000000748000000| Untracked 
| 129|0x0000000748100000, 0x000000074810c118, 0x0000000748200000|  4%| O|  |TAMS 0x0000000748100000, 0x0000000748100000| Untracked 
| 130|0x0000000748200000, 0x0000000748200000, 0x0000000748300000|  0%| F|  |TAMS 0x0000000748200000, 0x0000000748200000| Untracked 
| 131|0x0000000748300000, 0x0000000748300000, 0x0000000748400000|  0%| F|  |TAMS 0x0000000748300000, 0x0000000748300000| Untracked 
| 132|0x0000000748400000, 0x0000000748400000, 0x0000000748500000|  0%| F|  |TAMS 0x0000000748400000, 0x0000000748400000| Untracked 
| 133|0x0000000748500000, 0x0000000748600000, 0x0000000748600000|100%|HS|  |TAMS 0x0000000748500000, 0x0000000748500000| Untracked 
| 134|0x0000000748600000, 0x0000000748700000, 0x0000000748700000|100%|HC|  |TAMS 0x0000000748600000, 0x0000000748600000| Untracked 
| 135|0x0000000748700000, 0x0000000748800000, 0x0000000748800000|100%|HC|  |TAMS 0x0000000748700000, 0x0000000748700000| Untracked 
| 136|0x0000000748800000, 0x0000000748900000, 0x0000000748900000|100%|HC|  |TAMS 0x0000000748800000, 0x0000000748800000| Untracked 
| 137|0x0000000748900000, 0x0000000748a00000, 0x0000000748a00000|100%|HC|  |TAMS 0x0000000748900000, 0x0000000748900000| Untracked 
| 138|0x0000000748a00000, 0x0000000748a00000, 0x0000000748b00000|  0%| F|  |TAMS 0x0000000748a00000, 0x0000000748a00000| Untracked 
| 139|0x0000000748b00000, 0x0000000748b00000, 0x0000000748c00000|  0%| F|  |TAMS 0x0000000748b00000, 0x0000000748b00000| Untracked 
| 140|0x0000000748c00000, 0x0000000748c00000, 0x0000000748d00000|  0%| F|  |TAMS 0x0000000748c00000, 0x0000000748c00000| Untracked 
| 141|0x0000000748d00000, 0x0000000748d00000, 0x0000000748e00000|  0%| F|  |TAMS 0x0000000748d00000, 0x0000000748d00000| Untracked 
| 142|0x0000000748e00000, 0x0000000748e00000, 0x0000000748f00000|  0%| F|  |TAMS 0x0000000748e00000, 0x0000000748e00000| Untracked 
| 143|0x0000000748f00000, 0x0000000748f00000, 0x0000000749000000|  0%| F|  |TAMS 0x0000000748f00000, 0x0000000748f00000| Untracked 
| 144|0x0000000749000000, 0x0000000749000000, 0x0000000749100000|  0%| F|  |TAMS 0x0000000749000000, 0x0000000749000000| Untracked 
| 145|0x0000000749100000, 0x0000000749100000, 0x0000000749200000|  0%| F|  |TAMS 0x0000000749100000, 0x0000000749100000| Untracked 
| 146|0x0000000749200000, 0x0000000749200000, 0x0000000749300000|  0%| F|  |TAMS 0x0000000749200000, 0x0000000749200000| Untracked 
| 147|0x0000000749300000, 0x0000000749300000, 0x0000000749400000|  0%| F|  |TAMS 0x0000000749300000, 0x0000000749300000| Untracked 
| 148|0x0000000749400000, 0x0000000749400000, 0x0000000749500000|  0%| F|  |TAMS 0x0000000749400000, 0x0000000749400000| Untracked 
| 149|0x0000000749500000, 0x0000000749500000, 0x0000000749600000|  0%| F|  |TAMS 0x0000000749500000, 0x0000000749500000| Untracked 
| 150|0x0000000749600000, 0x0000000749600000, 0x0000000749700000|  0%| F|  |TAMS 0x0000000749600000, 0x0000000749600000| Untracked 
| 151|0x0000000749700000, 0x0000000749700000, 0x0000000749800000|  0%| F|  |TAMS 0x0000000749700000, 0x0000000749700000| Untracked 
| 152|0x0000000749800000, 0x0000000749800000, 0x0000000749900000|  0%| F|  |TAMS 0x0000000749800000, 0x0000000749800000| Untracked 
| 153|0x0000000749900000, 0x0000000749900000, 0x0000000749a00000|  0%| F|  |TAMS 0x0000000749900000, 0x0000000749900000| Untracked 
| 154|0x0000000749a00000, 0x0000000749a00000, 0x0000000749b00000|  0%| F|  |TAMS 0x0000000749a00000, 0x0000000749a00000| Untracked 
| 155|0x0000000749b00000, 0x0000000749b00000, 0x0000000749c00000|  0%| F|  |TAMS 0x0000000749b00000, 0x0000000749b00000| Untracked 
| 156|0x0000000749c00000, 0x0000000749c00000, 0x0000000749d00000|  0%| F|  |TAMS 0x0000000749c00000, 0x0000000749c00000| Untracked 
| 157|0x0000000749d00000, 0x0000000749d00000, 0x0000000749e00000|  0%| F|  |TAMS 0x0000000749d00000, 0x0000000749d00000| Untracked 
| 158|0x0000000749e00000, 0x0000000749e00000, 0x0000000749f00000|  0%| F|  |TAMS 0x0000000749e00000, 0x0000000749e00000| Untracked 
| 159|0x0000000749f00000, 0x0000000749f00000, 0x000000074a000000|  0%| F|  |TAMS 0x0000000749f00000, 0x0000000749f00000| Untracked 
| 160|0x000000074a000000, 0x000000074a000000, 0x000000074a100000|  0%| F|  |TAMS 0x000000074a000000, 0x000000074a000000| Untracked 
| 161|0x000000074a100000, 0x000000074a100000, 0x000000074a200000|  0%| F|  |TAMS 0x000000074a100000, 0x000000074a100000| Untracked 
| 162|0x000000074a200000, 0x000000074a200000, 0x000000074a300000|  0%| F|  |TAMS 0x000000074a200000, 0x000000074a200000| Untracked 
| 163|0x000000074a300000, 0x000000074a300000, 0x000000074a400000|  0%| F|  |TAMS 0x000000074a300000, 0x000000074a300000| Untracked 
| 164|0x000000074a400000, 0x000000074a400000, 0x000000074a500000|  0%| F|  |TAMS 0x000000074a400000, 0x000000074a400000| Untracked 
| 165|0x000000074a500000, 0x000000074a500000, 0x000000074a600000|  0%| F|  |TAMS 0x000000074a500000, 0x000000074a500000| Untracked 
| 166|0x000000074a600000, 0x000000074a600000, 0x000000074a700000|  0%| F|  |TAMS 0x000000074a600000, 0x000000074a600000| Untracked 
| 167|0x000000074a700000, 0x000000074a700000, 0x000000074a800000|  0%| F|  |TAMS 0x000000074a700000, 0x000000074a700000| Untracked 
| 168|0x000000074a800000, 0x000000074a800000, 0x000000074a900000|  0%| F|  |TAMS 0x000000074a800000, 0x000000074a800000| Untracked 
| 169|0x000000074a900000, 0x000000074a900000, 0x000000074aa00000|  0%| F|  |TAMS 0x000000074a900000, 0x000000074a900000| Untracked 
| 170|0x000000074aa00000, 0x000000074aa00000, 0x000000074ab00000|  0%| F|  |TAMS 0x000000074aa00000, 0x000000074aa00000| Untracked 
| 171|0x000000074ab00000, 0x000000074ab00000, 0x000000074ac00000|  0%| F|  |TAMS 0x000000074ab00000, 0x000000074ab00000| Untracked 
| 172|0x000000074ac00000, 0x000000074ac00000, 0x000000074ad00000|  0%| F|  |TAMS 0x000000074ac00000, 0x000000074ac00000| Untracked 
| 173|0x000000074ad00000, 0x000000074ad00000, 0x000000074ae00000|  0%| F|  |TAMS 0x000000074ad00000, 0x000000074ad00000| Untracked 
| 174|0x000000074ae00000, 0x000000074ae00000, 0x000000074af00000|  0%| F|  |TAMS 0x000000074ae00000, 0x000000074ae00000| Untracked 
| 175|0x000000074af00000, 0x000000074af00000, 0x000000074b000000|  0%| F|  |TAMS 0x000000074af00000, 0x000000074af00000| Untracked 
| 176|0x000000074b000000, 0x000000074b000000, 0x000000074b100000|  0%| F|  |TAMS 0x000000074b000000, 0x000000074b000000| Untracked 
| 177|0x000000074b100000, 0x000000074b100000, 0x000000074b200000|  0%| F|  |TAMS 0x000000074b100000, 0x000000074b100000| Untracked 
| 178|0x000000074b200000, 0x000000074b200000, 0x000000074b300000|  0%| F|  |TAMS 0x000000074b200000, 0x000000074b200000| Untracked 
| 179|0x000000074b300000, 0x000000074b300000, 0x000000074b400000|  0%| F|  |TAMS 0x000000074b300000, 0x000000074b300000| Untracked 
| 180|0x000000074b400000, 0x000000074b400000, 0x000000074b500000|  0%| F|  |TAMS 0x000000074b400000, 0x000000074b400000| Untracked 
| 181|0x000000074b500000, 0x000000074b500000, 0x000000074b600000|  0%| F|  |TAMS 0x000000074b500000, 0x000000074b500000| Untracked 
| 182|0x000000074b600000, 0x000000074b600000, 0x000000074b700000|  0%| F|  |TAMS 0x000000074b600000, 0x000000074b600000| Untracked 
| 183|0x000000074b700000, 0x000000074b700000, 0x000000074b800000|  0%| F|  |TAMS 0x000000074b700000, 0x000000074b700000| Untracked 
| 184|0x000000074b800000, 0x000000074b800000, 0x000000074b900000|  0%| F|  |TAMS 0x000000074b800000, 0x000000074b800000| Untracked 
| 185|0x000000074b900000, 0x000000074b900000, 0x000000074ba00000|  0%| F|  |TAMS 0x000000074b900000, 0x000000074b900000| Untracked 
| 186|0x000000074ba00000, 0x000000074ba00000, 0x000000074bb00000|  0%| F|  |TAMS 0x000000074ba00000, 0x000000074ba00000| Untracked 
| 187|0x000000074bb00000, 0x000000074bb00000, 0x000000074bc00000|  0%| F|  |TAMS 0x000000074bb00000, 0x000000074bb00000| Untracked 
| 188|0x000000074bc00000, 0x000000074bc00000, 0x000000074bd00000|  0%| F|  |TAMS 0x000000074bc00000, 0x000000074bc00000| Untracked 
| 189|0x000000074bd00000, 0x000000074bd00000, 0x000000074be00000|  0%| F|  |TAMS 0x000000074bd00000, 0x000000074bd00000| Untracked 
| 190|0x000000074be00000, 0x000000074be00000, 0x000000074bf00000|  0%| F|  |TAMS 0x000000074be00000, 0x000000074be00000| Untracked 
| 191|0x000000074bf00000, 0x000000074bf00000, 0x000000074c000000|  0%| F|  |TAMS 0x000000074bf00000, 0x000000074bf00000| Untracked 
| 192|0x000000074c000000, 0x000000074c000000, 0x000000074c100000|  0%| F|  |TAMS 0x000000074c000000, 0x000000074c000000| Untracked 
| 193|0x000000074c100000, 0x000000074c100000, 0x000000074c200000|  0%| F|  |TAMS 0x000000074c100000, 0x000000074c100000| Untracked 
| 194|0x000000074c200000, 0x000000074c200000, 0x000000074c300000|  0%| F|  |TAMS 0x000000074c200000, 0x000000074c200000| Untracked 
| 195|0x000000074c300000, 0x000000074c300000, 0x000000074c400000|  0%| F|  |TAMS 0x000000074c300000, 0x000000074c300000| Untracked 
| 196|0x000000074c400000, 0x000000074c400000, 0x000000074c500000|  0%| F|  |TAMS 0x000000074c400000, 0x000000074c400000| Untracked 
| 197|0x000000074c500000, 0x000000074c500000, 0x000000074c600000|  0%| F|  |TAMS 0x000000074c500000, 0x000000074c500000| Untracked 
| 198|0x000000074c600000, 0x000000074c600000, 0x000000074c700000|  0%| F|  |TAMS 0x000000074c600000, 0x000000074c600000| Untracked 
| 199|0x000000074c700000, 0x000000074c700000, 0x000000074c800000|  0%| F|  |TAMS 0x000000074c700000, 0x000000074c700000| Untracked 
| 200|0x000000074c800000, 0x000000074c800000, 0x000000074c900000|  0%| F|  |TAMS 0x000000074c800000, 0x000000074c800000| Untracked 
| 201|0x000000074c900000, 0x000000074c900000, 0x000000074ca00000|  0%| F|  |TAMS 0x000000074c900000, 0x000000074c900000| Untracked 
| 202|0x000000074ca00000, 0x000000074ca00000, 0x000000074cb00000|  0%| F|  |TAMS 0x000000074ca00000, 0x000000074ca00000| Untracked 
| 203|0x000000074cb00000, 0x000000074cb00000, 0x000000074cc00000|  0%| F|  |TAMS 0x000000074cb00000, 0x000000074cb00000| Untracked 
| 204|0x000000074cc00000, 0x000000074cc00000, 0x000000074cd00000|  0%| F|  |TAMS 0x000000074cc00000, 0x000000074cc00000| Untracked 
| 205|0x000000074cd00000, 0x000000074cd00000, 0x000000074ce00000|  0%| F|  |TAMS 0x000000074cd00000, 0x000000074cd00000| Untracked 
| 206|0x000000074ce00000, 0x000000074ce00000, 0x000000074cf00000|  0%| F|  |TAMS 0x000000074ce00000, 0x000000074ce00000| Untracked 
| 207|0x000000074cf00000, 0x000000074cf00000, 0x000000074d000000|  0%| F|  |TAMS 0x000000074cf00000, 0x000000074cf00000| Untracked 
| 208|0x000000074d000000, 0x000000074d000000, 0x000000074d100000|  0%| F|  |TAMS 0x000000074d000000, 0x000000074d000000| Untracked 
| 209|0x000000074d100000, 0x000000074d100000, 0x000000074d200000|  0%| F|  |TAMS 0x000000074d100000, 0x000000074d100000| Untracked 
| 210|0x000000074d200000, 0x000000074d200000, 0x000000074d300000|  0%| F|  |TAMS 0x000000074d200000, 0x000000074d200000| Untracked 
| 211|0x000000074d300000, 0x000000074d300000, 0x000000074d400000|  0%| F|  |TAMS 0x000000074d300000, 0x000000074d300000| Untracked 
| 212|0x000000074d400000, 0x000000074d400000, 0x000000074d500000|  0%| F|  |TAMS 0x000000074d400000, 0x000000074d400000| Untracked 
| 213|0x000000074d500000, 0x000000074d500000, 0x000000074d600000|  0%| F|  |TAMS 0x000000074d500000, 0x000000074d500000| Untracked 
| 214|0x000000074d600000, 0x000000074d600000, 0x000000074d700000|  0%| F|  |TAMS 0x000000074d600000, 0x000000074d600000| Untracked 
| 215|0x000000074d700000, 0x000000074d700000, 0x000000074d800000|  0%| F|  |TAMS 0x000000074d700000, 0x000000074d700000| Untracked 
| 216|0x000000074d800000, 0x000000074d800000, 0x000000074d900000|  0%| F|  |TAMS 0x000000074d800000, 0x000000074d800000| Untracked 
| 217|0x000000074d900000, 0x000000074d900000, 0x000000074da00000|  0%| F|  |TAMS 0x000000074d900000, 0x000000074d900000| Untracked 
| 218|0x000000074da00000, 0x000000074da00000, 0x000000074db00000|  0%| F|  |TAMS 0x000000074da00000, 0x000000074da00000| Untracked 
| 219|0x000000074db00000, 0x000000074db00000, 0x000000074dc00000|  0%| F|  |TAMS 0x000000074db00000, 0x000000074db00000| Untracked 
| 220|0x000000074dc00000, 0x000000074dc00000, 0x000000074dd00000|  0%| F|  |TAMS 0x000000074dc00000, 0x000000074dc00000| Untracked 
| 221|0x000000074dd00000, 0x000000074dd00000, 0x000000074de00000|  0%| F|  |TAMS 0x000000074dd00000, 0x000000074dd00000| Untracked 
| 222|0x000000074de00000, 0x000000074de00000, 0x000000074df00000|  0%| F|  |TAMS 0x000000074de00000, 0x000000074de00000| Untracked 
| 223|0x000000074df00000, 0x000000074df00000, 0x000000074e000000|  0%| F|  |TAMS 0x000000074df00000, 0x000000074df00000| Untracked 
| 224|0x000000074e000000, 0x000000074e000000, 0x000000074e100000|  0%| F|  |TAMS 0x000000074e000000, 0x000000074e000000| Untracked 
| 225|0x000000074e100000, 0x000000074e100000, 0x000000074e200000|  0%| F|  |TAMS 0x000000074e100000, 0x000000074e100000| Untracked 
| 226|0x000000074e200000, 0x000000074e200000, 0x000000074e300000|  0%| F|  |TAMS 0x000000074e200000, 0x000000074e200000| Untracked 
| 227|0x000000074e300000, 0x000000074e300000, 0x000000074e400000|  0%| F|  |TAMS 0x000000074e300000, 0x000000074e300000| Untracked 
| 228|0x000000074e400000, 0x000000074e400000, 0x000000074e500000|  0%| F|  |TAMS 0x000000074e400000, 0x000000074e400000| Untracked 
| 229|0x000000074e500000, 0x000000074e500000, 0x000000074e600000|  0%| F|  |TAMS 0x000000074e500000, 0x000000074e500000| Untracked 
| 230|0x000000074e600000, 0x000000074e600000, 0x000000074e700000|  0%| F|  |TAMS 0x000000074e600000, 0x000000074e600000| Untracked 
| 231|0x000000074e700000, 0x000000074e700000, 0x000000074e800000|  0%| F|  |TAMS 0x000000074e700000, 0x000000074e700000| Untracked 
| 232|0x000000074e800000, 0x000000074e800000, 0x000000074e900000|  0%| F|  |TAMS 0x000000074e800000, 0x000000074e800000| Untracked 
| 233|0x000000074e900000, 0x000000074e900000, 0x000000074ea00000|  0%| F|  |TAMS 0x000000074e900000, 0x000000074e900000| Untracked 
| 234|0x000000074ea00000, 0x000000074ea00000, 0x000000074eb00000|  0%| F|  |TAMS 0x000000074ea00000, 0x000000074ea00000| Untracked 
| 235|0x000000074eb00000, 0x000000074eb00000, 0x000000074ec00000|  0%| F|  |TAMS 0x000000074eb00000, 0x000000074eb00000| Untracked 
| 236|0x000000074ec00000, 0x000000074ec00000, 0x000000074ed00000|  0%| F|  |TAMS 0x000000074ec00000, 0x000000074ec00000| Untracked 
| 237|0x000000074ed00000, 0x000000074ed00000, 0x000000074ee00000|  0%| F|  |TAMS 0x000000074ed00000, 0x000000074ed00000| Untracked 
| 238|0x000000074ee00000, 0x000000074ee00000, 0x000000074ef00000|  0%| F|  |TAMS 0x000000074ee00000, 0x000000074ee00000| Untracked 
| 239|0x000000074ef00000, 0x000000074ef00000, 0x000000074f000000|  0%| F|  |TAMS 0x000000074ef00000, 0x000000074ef00000| Untracked 
| 240|0x000000074f000000, 0x000000074f000000, 0x000000074f100000|  0%| F|  |TAMS 0x000000074f000000, 0x000000074f000000| Untracked 
| 241|0x000000074f100000, 0x000000074f100000, 0x000000074f200000|  0%| F|  |TAMS 0x000000074f100000, 0x000000074f100000| Untracked 
| 242|0x000000074f200000, 0x000000074f200000, 0x000000074f300000|  0%| F|  |TAMS 0x000000074f200000, 0x000000074f200000| Untracked 
| 243|0x000000074f300000, 0x000000074f300000, 0x000000074f400000|  0%| F|  |TAMS 0x000000074f300000, 0x000000074f300000| Untracked 
| 244|0x000000074f400000, 0x000000074f400000, 0x000000074f500000|  0%| F|  |TAMS 0x000000074f400000, 0x000000074f400000| Untracked 
| 245|0x000000074f500000, 0x000000074f500000, 0x000000074f600000|  0%| F|  |TAMS 0x000000074f500000, 0x000000074f500000| Untracked 
| 246|0x000000074f600000, 0x000000074f600000, 0x000000074f700000|  0%| F|  |TAMS 0x000000074f600000, 0x000000074f600000| Untracked 
| 247|0x000000074f700000, 0x000000074f700000, 0x000000074f800000|  0%| F|  |TAMS 0x000000074f700000, 0x000000074f700000| Untracked 
| 248|0x000000074f800000, 0x000000074f800000, 0x000000074f900000|  0%| F|  |TAMS 0x000000074f800000, 0x000000074f800000| Untracked 
| 249|0x000000074f900000, 0x000000074f900000, 0x000000074fa00000|  0%| F|  |TAMS 0x000000074f900000, 0x000000074f900000| Untracked 
| 250|0x000000074fa00000, 0x000000074fa00000, 0x000000074fb00000|  0%| F|  |TAMS 0x000000074fa00000, 0x000000074fa00000| Untracked 
| 251|0x000000074fb00000, 0x000000074fb00000, 0x000000074fc00000|  0%| F|  |TAMS 0x000000074fb00000, 0x000000074fb00000| Untracked 
| 252|0x000000074fc00000, 0x000000074fc00000, 0x000000074fd00000|  0%| F|  |TAMS 0x000000074fc00000, 0x000000074fc00000| Untracked 
| 253|0x000000074fd00000, 0x000000074fd00000, 0x000000074fe00000|  0%| F|  |TAMS 0x000000074fd00000, 0x000000074fd00000| Untracked 
| 254|0x000000074fe00000, 0x000000074fe00000, 0x000000074ff00000|  0%| F|  |TAMS 0x000000074fe00000, 0x000000074fe00000| Untracked 
| 255|0x000000074ff00000, 0x000000074ff00000, 0x0000000750000000|  0%| F|  |TAMS 0x000000074ff00000, 0x000000074ff00000| Untracked 
| 256|0x0000000750000000, 0x0000000750000000, 0x0000000750100000|  0%| F|  |TAMS 0x0000000750000000, 0x0000000750000000| Untracked 
| 257|0x0000000750100000, 0x0000000750100000, 0x0000000750200000|  0%| F|  |TAMS 0x0000000750100000, 0x0000000750100000| Untracked 
| 258|0x0000000750200000, 0x0000000750200000, 0x0000000750300000|  0%| F|  |TAMS 0x0000000750200000, 0x0000000750200000| Untracked 
| 259|0x0000000750300000, 0x0000000750300000, 0x0000000750400000|  0%| F|  |TAMS 0x0000000750300000, 0x0000000750300000| Untracked 
| 260|0x0000000750400000, 0x0000000750400000, 0x0000000750500000|  0%| F|  |TAMS 0x0000000750400000, 0x0000000750400000| Untracked 
| 261|0x0000000750500000, 0x0000000750500000, 0x0000000750600000|  0%| F|  |TAMS 0x0000000750500000, 0x0000000750500000| Untracked 
| 262|0x0000000750600000, 0x0000000750600000, 0x0000000750700000|  0%| F|  |TAMS 0x0000000750600000, 0x0000000750600000| Untracked 
| 263|0x0000000750700000, 0x0000000750700000, 0x0000000750800000|  0%| F|  |TAMS 0x0000000750700000, 0x0000000750700000| Untracked 
| 264|0x0000000750800000, 0x0000000750800000, 0x0000000750900000|  0%| F|  |TAMS 0x0000000750800000, 0x0000000750800000| Untracked 
| 265|0x0000000750900000, 0x0000000750900000, 0x0000000750a00000|  0%| F|  |TAMS 0x0000000750900000, 0x0000000750900000| Untracked 
| 266|0x0000000750a00000, 0x0000000750a00000, 0x0000000750b00000|  0%| F|  |TAMS 0x0000000750a00000, 0x0000000750a00000| Untracked 
| 267|0x0000000750b00000, 0x0000000750b00000, 0x0000000750c00000|  0%| F|  |TAMS 0x0000000750b00000, 0x0000000750b00000| Untracked 
| 268|0x0000000750c00000, 0x0000000750c00000, 0x0000000750d00000|  0%| F|  |TAMS 0x0000000750c00000, 0x0000000750c00000| Untracked 
| 269|0x0000000750d00000, 0x0000000750d00000, 0x0000000750e00000|  0%| F|  |TAMS 0x0000000750d00000, 0x0000000750d00000| Untracked 
| 270|0x0000000750e00000, 0x0000000750e00000, 0x0000000750f00000|  0%| F|  |TAMS 0x0000000750e00000, 0x0000000750e00000| Untracked 
| 271|0x0000000750f00000, 0x0000000750f00000, 0x0000000751000000|  0%| F|  |TAMS 0x0000000750f00000, 0x0000000750f00000| Untracked 
| 272|0x0000000751000000, 0x0000000751000000, 0x0000000751100000|  0%| F|  |TAMS 0x0000000751000000, 0x0000000751000000| Untracked 
| 273|0x0000000751100000, 0x0000000751100000, 0x0000000751200000|  0%| F|  |TAMS 0x0000000751100000, 0x0000000751100000| Untracked 
| 274|0x0000000751200000, 0x0000000751200000, 0x0000000751300000|  0%| F|  |TAMS 0x0000000751200000, 0x0000000751200000| Untracked 
| 275|0x0000000751300000, 0x0000000751300000, 0x0000000751400000|  0%| F|  |TAMS 0x0000000751300000, 0x0000000751300000| Untracked 
| 276|0x0000000751400000, 0x0000000751400000, 0x0000000751500000|  0%| F|  |TAMS 0x0000000751400000, 0x0000000751400000| Untracked 
| 277|0x0000000751500000, 0x0000000751500000, 0x0000000751600000|  0%| F|  |TAMS 0x0000000751500000, 0x0000000751500000| Untracked 
| 278|0x0000000751600000, 0x0000000751600000, 0x0000000751700000|  0%| F|  |TAMS 0x0000000751600000, 0x0000000751600000| Untracked 
| 279|0x0000000751700000, 0x0000000751700000, 0x0000000751800000|  0%| F|  |TAMS 0x0000000751700000, 0x0000000751700000| Untracked 
| 280|0x0000000751800000, 0x0000000751800000, 0x0000000751900000|  0%| F|  |TAMS 0x0000000751800000, 0x0000000751800000| Untracked 
| 281|0x0000000751900000, 0x0000000751900000, 0x0000000751a00000|  0%| F|  |TAMS 0x0000000751900000, 0x0000000751900000| Untracked 
| 282|0x0000000751a00000, 0x0000000751a00000, 0x0000000751b00000|  0%| F|  |TAMS 0x0000000751a00000, 0x0000000751a00000| Untracked 
| 283|0x0000000751b00000, 0x0000000751b00000, 0x0000000751c00000|  0%| F|  |TAMS 0x0000000751b00000, 0x0000000751b00000| Untracked 
| 284|0x0000000751c00000, 0x0000000751c00000, 0x0000000751d00000|  0%| F|  |TAMS 0x0000000751c00000, 0x0000000751c00000| Untracked 
| 285|0x0000000751d00000, 0x0000000751d00000, 0x0000000751e00000|  0%| F|  |TAMS 0x0000000751d00000, 0x0000000751d00000| Untracked 
| 286|0x0000000751e00000, 0x0000000751e00000, 0x0000000751f00000|  0%| F|  |TAMS 0x0000000751e00000, 0x0000000751e00000| Untracked 
| 287|0x0000000751f00000, 0x0000000751f00000, 0x0000000752000000|  0%| F|  |TAMS 0x0000000751f00000, 0x0000000751f00000| Untracked 
| 288|0x0000000752000000, 0x0000000752000000, 0x0000000752100000|  0%| F|  |TAMS 0x0000000752000000, 0x0000000752000000| Untracked 
| 289|0x0000000752100000, 0x0000000752100000, 0x0000000752200000|  0%| F|  |TAMS 0x0000000752100000, 0x0000000752100000| Untracked 
| 290|0x0000000752200000, 0x0000000752200000, 0x0000000752300000|  0%| F|  |TAMS 0x0000000752200000, 0x0000000752200000| Untracked 
| 291|0x0000000752300000, 0x0000000752300000, 0x0000000752400000|  0%| F|  |TAMS 0x0000000752300000, 0x0000000752300000| Untracked 
| 292|0x0000000752400000, 0x0000000752400000, 0x0000000752500000|  0%| F|  |TAMS 0x0000000752400000, 0x0000000752400000| Untracked 
| 293|0x0000000752500000, 0x0000000752500000, 0x0000000752600000|  0%| F|  |TAMS 0x0000000752500000, 0x0000000752500000| Untracked 
| 294|0x0000000752600000, 0x0000000752600000, 0x0000000752700000|  0%| F|  |TAMS 0x0000000752600000, 0x0000000752600000| Untracked 
| 295|0x0000000752700000, 0x0000000752700000, 0x0000000752800000|  0%| F|  |TAMS 0x0000000752700000, 0x0000000752700000| Untracked 
| 296|0x0000000752800000, 0x0000000752800000, 0x0000000752900000|  0%| F|  |TAMS 0x0000000752800000, 0x0000000752800000| Untracked 
| 297|0x0000000752900000, 0x0000000752900000, 0x0000000752a00000|  0%| F|  |TAMS 0x0000000752900000, 0x0000000752900000| Untracked 
| 298|0x0000000752a00000, 0x0000000752a00000, 0x0000000752b00000|  0%| F|  |TAMS 0x0000000752a00000, 0x0000000752a00000| Untracked 
| 299|0x0000000752b00000, 0x0000000752b00000, 0x0000000752c00000|  0%| F|  |TAMS 0x0000000752b00000, 0x0000000752b00000| Untracked 
| 300|0x0000000752c00000, 0x0000000752c9d3b8, 0x0000000752d00000| 61%| E|  |TAMS 0x0000000752c00000, 0x0000000752c00000| Complete 
| 301|0x0000000752d00000, 0x0000000752e00000, 0x0000000752e00000|100%| E|CS|TAMS 0x0000000752d00000, 0x0000000752d00000| Complete 
| 302|0x0000000752e00000, 0x0000000752f00000, 0x0000000752f00000|100%| E|CS|TAMS 0x0000000752e00000, 0x0000000752e00000| Complete 
| 303|0x0000000752f00000, 0x0000000753000000, 0x0000000753000000|100%| E|CS|TAMS 0x0000000752f00000, 0x0000000752f00000| Complete 
| 304|0x0000000753000000, 0x0000000753100000, 0x0000000753100000|100%| E|CS|TAMS 0x0000000753000000, 0x0000000753000000| Complete 
| 305|0x0000000753100000, 0x0000000753100230, 0x0000000753200000|  0%| O|  |TAMS 0x0000000753100000, 0x0000000753100000| Untracked 
| 306|0x0000000753200000, 0x0000000753300000, 0x0000000753300000|100%| E|CS|TAMS 0x0000000753200000, 0x0000000753200000| Complete 
| 307|0x0000000753300000, 0x0000000753400000, 0x0000000753400000|100%| E|CS|TAMS 0x0000000753300000, 0x0000000753300000| Complete 

Card table byte_map: [0x000001a89fa70000,0x000001a8a0070000] _byte_map_base: 0x000001a89c070000

Marking Bits (Prev, Next): (CMBitMap*) 0x000001a883a5ae70, (CMBitMap*) 0x000001a883a5ae38
 Prev Bits: [0x000001a8a79b0000, 0x000001a8aa9b0000)
 Next Bits: [0x000001a8a0670000, 0x000001a8a3670000)

Polling page: 0x000001a881430000

Metaspace:

Usage:
  Non-class:     93.63 MB capacity,    92.07 MB ( 98%) used,     1.19 MB (  1%) free+waste,   381.69 KB ( <1%) overhead. 
      Class:     15.43 MB capacity,    14.19 MB ( 92%) used,     1.06 MB (  7%) free+waste,   181.69 KB (  1%) overhead. 
       Both:    109.05 MB capacity,   106.25 MB ( 97%) used,     2.25 MB (  2%) free+waste,   563.38 KB ( <1%) overhead. 

Virtual space:
  Non-class space:       94.00 MB reserved,      93.75 MB (>99%) committed 
      Class space:        1.00 GB reserved,      15.53 MB (  2%) committed 
             Both:        1.09 GB reserved,     109.28 MB ( 10%) committed 

Chunk freelists:
   Non-Class:  7.50 KB
       Class:  1.50 KB
        Both:  9.00 KB

CodeHeap 'non-profiled nmethods': size=120000Kb used=24276Kb max_used=25118Kb free=95723Kb
 bounds [0x000001a8979f0000, 0x000001a899280000, 0x000001a89ef20000]
CodeHeap 'profiled nmethods': size=120000Kb used=48154Kb max_used=53081Kb free=71846Kb
 bounds [0x000001a8904c0000, 0x000001a8938e0000, 0x000001a8979f0000]
CodeHeap 'non-nmethods': size=5760Kb used=1676Kb max_used=1721Kb free=4083Kb
 bounds [0x000001a88ff20000, 0x000001a890190000, 0x000001a8904c0000]
 total_blobs=36480 nmethods=19765 adapters=1148
 compilation: enabled
              stopped_count=0, restarted_count=0
 full_count=0

Compilation events (10 events):
Event: 1169.349 Thread 0x000001a8c3f26800 25163       4       javax.swing.RepaintManager$4::run (5 bytes)
Event: 1169.375 Thread 0x000001a8c3f26800 nmethod 25163 0x000001a898660f10 code [0x000001a898661140, 0x000001a898661c50]
Event: 1169.674 Thread 0x000001a8c3f4d000 25164       3       java.text.SimpleDateFormat::initializeCalendar (34 bytes)
Event: 1169.674 Thread 0x000001a8c3f4d000 nmethod 25164 0x000001a890852810 code [0x000001a8908529e0, 0x000001a890852cc0]
Event: 1169.674 Thread 0x000001a8c3f4d000 25165       3       java.util.Calendar::getInstance (9 bytes)
Event: 1169.674 Thread 0x000001a8c3f4d000 nmethod 25165 0x000001a8907c2190 code [0x000001a8907c2360, 0x000001a8907c2500]
Event: 1169.674 Thread 0x000001a8c3f4d000 25166       3       java.text.DateFormatSymbols::getInstanceRef (21 bytes)
Event: 1169.675 Thread 0x000001a8c3f4d000 nmethod 25166 0x000001a890854310 code [0x000001a8908544e0, 0x000001a890854760]
Event: 1169.692 Thread 0x000001a8c3f26800 25167       4       java.awt.geom.Path2D$Double::getPathIterator (23 bytes)
Event: 1169.695 Thread 0x000001a8c3f26800 nmethod 25167 0x000001a898657590 code [0x000001a898657740, 0x000001a898657998]

GC Heap History (10 events):
Event: 1163.263 GC heap before
{Heap before GC invocations=346 (full 74):
 garbage-first heap   total 315392K, used 183429K [0x0000000740000000, 0x0000000800000000)
  region size 1024K, 60 young (61440K), 1 survivors (1024K)
 Metaspace       used 108789K, capacity 111608K, committed 111900K, reserved 1144832K
  class space    used 14529K, capacity 15796K, committed 15900K, reserved 1048576K
}
Event: 1163.267 GC heap after
{Heap after GC invocations=347 (full 74):
 garbage-first heap   total 315392K, used 122898K [0x0000000740000000, 0x0000000800000000)
  region size 1024K, 1 young (1024K), 1 survivors (1024K)
 Metaspace       used 108789K, capacity 111608K, committed 111900K, reserved 1144832K
  class space    used 14529K, capacity 15796K, committed 15900K, reserved 1048576K
}
Event: 1165.696 GC heap before
{Heap before GC invocations=347 (full 74):
 garbage-first heap   total 315392K, used 183314K [0x0000000740000000, 0x0000000800000000)
  region size 1024K, 60 young (61440K), 1 survivors (1024K)
 Metaspace       used 108795K, capacity 111608K, committed 111900K, reserved 1144832K
  class space    used 14529K, capacity 15796K, committed 15900K, reserved 1048576K
}
Event: 1165.700 GC heap after
{Heap after GC invocations=348 (full 74):
 garbage-first heap   total 315392K, used 123180K [0x0000000740000000, 0x0000000800000000)
  region size 1024K, 1 young (1024K), 1 survivors (1024K)
 Metaspace       used 108795K, capacity 111608K, committed 111900K, reserved 1144832K
  class space    used 14529K, capacity 15796K, committed 15900K, reserved 1048576K
}
Event: 1168.293 GC heap before
{Heap before GC invocations=348 (full 74):
 garbage-first heap   total 315392K, used 193836K [0x0000000740000000, 0x0000000800000000)
  region size 1024K, 60 young (61440K), 1 survivors (1024K)
 Metaspace       used 108802K, capacity 111672K, committed 111900K, reserved 1144832K
  class space    used 14529K, capacity 15796K, committed 15900K, reserved 1048576K
}
Event: 1168.297 GC heap after
{Heap after GC invocations=349 (full 74):
 garbage-first heap   total 315392K, used 133475K [0x0000000740000000, 0x0000000800000000)
  region size 1024K, 2 young (2048K), 2 survivors (2048K)
 Metaspace       used 108802K, capacity 111672K, committed 111900K, reserved 1144832K
  class space    used 14529K, capacity 15796K, committed 15900K, reserved 1048576K
}
Event: 1169.143 GC heap before
{Heap before GC invocations=349 (full 74):
 garbage-first heap   total 315392K, used 166243K [0x0000000740000000, 0x0000000800000000)
  region size 1024K, 35 young (35840K), 2 survivors (2048K)
 Metaspace       used 108802K, capacity 111672K, committed 111900K, reserved 1144832K
  class space    used 14529K, capacity 15796K, committed 15900K, reserved 1048576K
}
Event: 1169.146 GC heap after
{Heap after GC invocations=350 (full 74):
 garbage-first heap   total 315392K, used 125207K [0x0000000740000000, 0x0000000800000000)
  region size 1024K, 1 young (1024K), 1 survivors (1024K)
 Metaspace       used 108802K, capacity 111672K, committed 111900K, reserved 1144832K
  class space    used 14529K, capacity 15796K, committed 15900K, reserved 1048576K
}
Event: 1169.534 GC heap before
{Heap before GC invocations=350 (full 74):
 garbage-first heap   total 315392K, used 130327K [0x0000000740000000, 0x0000000800000000)
  region size 1024K, 7 young (7168K), 1 survivors (1024K)
 Metaspace       used 108802K, capacity 111672K, committed 111900K, reserved 1144832K
  class space    used 14529K, capacity 15796K, committed 15900K, reserved 1048576K
}
Event: 1169.673 GC heap after
{Heap after GC invocations=351 (full 75):
 garbage-first heap   total 315392K, used 119434K [0x0000000740000000, 0x0000000800000000)
  region size 1024K, 0 young (0K), 0 survivors (0K)
 Metaspace       used 108802K, capacity 111672K, committed 111900K, reserved 1144832K
  class space    used 14529K, capacity 15796K, committed 15900K, reserved 1048576K
}

Deoptimization events (10 events):
Event: 1078.975 Thread 0x000001a8c48b6000 Uncommon trap: reason=null_check action=make_not_entrant pc=0x000001a898971bd8 method=ui.utils.lnf.b.run()V @ 130 c2
Event: 1080.147 Thread 0x000001a8ada88000 Uncommon trap: reason=unstable_if action=reinterpret pc=0x000001a8983c3d1c method=java.awt.Rectangle.setRect(DDDD)V @ 29 c2
Event: 1080.147 Thread 0x000001a8ada88000 Uncommon trap: reason=unstable_if action=reinterpret pc=0x000001a89925d540 method=javax.swing.plaf.basic.BasicProgressBarUI.getBox(Ljava/awt/Rectangle;)Ljava/awt/Rectangle; @ 25 c2
Event: 1080.147 Thread 0x000001a8ada88000 Uncommon trap: reason=unstable_if action=reinterpret pc=0x000001a898df7960 method=java.lang.Math.round(D)J @ 48 c2
Event: 1157.708 Thread 0x000001a8ada88000 Uncommon trap: reason=class_check action=maybe_recompile pc=0x000001a898c664d8 method=com.jidesoft.grid.TableModelWrapperUtils.getActualColumnAt(Ljavax/swing/table/TableModel;ILjavax/swing/table/TableModel;)I @ 55 c2
Event: 1157.717 Thread 0x000001a8ada88000 Uncommon trap: reason=class_check action=maybe_recompile pc=0x000001a898c664d8 method=com.jidesoft.grid.TableModelWrapperUtils.getActualColumnAt(Ljavax/swing/table/TableModel;ILjavax/swing/table/TableModel;)I @ 55 c2
Event: 1157.719 Thread 0x000001a8ada88000 Uncommon trap: reason=class_check action=maybe_recompile pc=0x000001a898c664d8 method=com.jidesoft.grid.TableModelWrapperUtils.getActualColumnAt(Ljavax/swing/table/TableModel;ILjavax/swing/table/TableModel;)I @ 55 c2
Event: 1157.723 Thread 0x000001a8ada88000 Uncommon trap: reason=class_check action=maybe_recompile pc=0x000001a898c664d8 method=com.jidesoft.grid.TableModelWrapperUtils.getActualColumnAt(Ljavax/swing/table/TableModel;ILjavax/swing/table/TableModel;)I @ 55 c2
Event: 1165.324 Thread 0x000001a8ada88000 Uncommon trap: reason=bimorphic_or_optimized_type_check action=maybe_recompile pc=0x000001a897cd0ea0 method=javax.swing.RepaintManager$4.run()Ljava/lang/Void; @ 91 c2
Event: 1168.475 Thread 0x000001a8ada88000 Uncommon trap: reason=class_check action=maybe_recompile pc=0x000001a898ecc720 method=javax.swing.AbstractButton.setEnabled(Z)V @ 21 c2

Classes redefined (0 events):
No events

Internal exceptions (10 events):
Event: 1121.411 Thread 0x000001a8ada88000 Exception <a 'java/io/FileNotFoundException'{0x000000074fbae2c0}> (0x000000074fbae2c0) thrown at [t:/workspace/open/src/hotspot/share/prims/jni.cpp, line 615]
Event: 1126.412 Thread 0x000001a8ada88000 Exception <a 'java/io/FileNotFoundException'{0x000000074fbd0050}> (0x000000074fbd0050) thrown at [t:/workspace/open/src/hotspot/share/prims/jni.cpp, line 615]
Event: 1131.413 Thread 0x000001a8ada88000 Exception <a 'java/io/FileNotFoundException'{0x000000075330b3f0}> (0x000000075330b3f0) thrown at [t:/workspace/open/src/hotspot/share/prims/jni.cpp, line 615]
Event: 1136.418 Thread 0x000001a8ada88000 Exception <a 'java/io/FileNotFoundException'{0x0000000753334bd0}> (0x0000000753334bd0) thrown at [t:/workspace/open/src/hotspot/share/prims/jni.cpp, line 615]
Event: 1141.428 Thread 0x000001a8ada88000 Exception <a 'java/io/FileNotFoundException'{0x0000000753355fc8}> (0x0000000753355fc8) thrown at [t:/workspace/open/src/hotspot/share/prims/jni.cpp, line 615]
Event: 1146.435 Thread 0x000001a8ada88000 Exception <a 'java/io/FileNotFoundException'{0x000000075326d9c8}> (0x000000075326d9c8) thrown at [t:/workspace/open/src/hotspot/share/prims/jni.cpp, line 615]
Event: 1151.570 Thread 0x000001a8ada88000 Exception <a 'java/io/FileNotFoundException'{0x0000000751d07018}> (0x0000000751d07018) thrown at [t:/workspace/open/src/hotspot/share/prims/jni.cpp, line 615]
Event: 1156.496 Thread 0x000001a8ada88000 Exception <a 'java/io/FileNotFoundException'{0x00000007531d70c0}> (0x00000007531d70c0) thrown at [t:/workspace/open/src/hotspot/share/prims/jni.cpp, line 615]
Event: 1161.437 Thread 0x000001a8ada88000 Exception <a 'java/io/FileNotFoundException'{0x0000000751c15f00}> (0x0000000751c15f00) thrown at [t:/workspace/open/src/hotspot/share/prims/jni.cpp, line 615]
Event: 1166.533 Thread 0x000001a8ada88000 Exception <a 'java/io/FileNotFoundException'{0x000000075013fdd8}> (0x000000075013fdd8) thrown at [t:/workspace/open/src/hotspot/share/prims/jni.cpp, line 615]

Events (10 events):
Event: 1169.174 Thread 0x000001a8b3130800 Thread added: 0x000001a8b3130800
Event: 1169.185 Thread 0x000001a8b3130800 Thread exited: 0x000001a8b3130800
Event: 1169.512 Thread 0x000001a8b3130800 Thread added: 0x000001a8b3130800
Event: 1169.523 Thread 0x000001a8b312a800 Thread added: 0x000001a8b312a800
Event: 1169.533 Thread 0x000001a8b312a800 Thread exited: 0x000001a8b312a800
Event: 1169.533 Executing VM operation: G1CollectFull
Event: 1169.673 Executing VM operation: G1CollectFull done
Event: 1169.674 Thread 0x000001a8b3130800 Thread exited: 0x000001a8b3130800
Event: 1169.677 Executing VM operation: RevokeBias
Event: 1169.678 Executing VM operation: RevokeBias done


Dynamic libraries:
0x00007ff65a050000 - 0x00007ff65a081000 	D:\WorkPlace\vivado\Vivado\2021.1\bin\unwrapped\win64.o\vivado.exe
0x00007ff9eb310000 - 0x00007ff9eb522000 	C:\WINDOWS\SYSTEM32\ntdll.dll
0x00007ff9e93d0000 - 0x00007ff9e9492000 	C:\WINDOWS\System32\KERNEL32.DLL
0x00007ff9e8bd0000 - 0x00007ff9e8f6b000 	C:\WINDOWS\System32\KERNELBASE.dll
0x00007ff9e9010000 - 0x00007ff9e9121000 	C:\WINDOWS\System32\ucrtbase.dll
0x00007ff9cced0000 - 0x00007ff9ccf5e000 	C:\WINDOWS\SYSTEM32\MSVCP140.dll
0x00007ff9d0b30000 - 0x00007ff9d0b4b000 	C:\WINDOWS\SYSTEM32\VCRUNTIME140.dll
0x00007ff9d0b20000 - 0x00007ff9d0b2c000 	C:\WINDOWS\SYSTEM32\VCRUNTIME140_1.dll
0x00007ff9d5710000 - 0x00007ff9d5728000 	D:\WorkPlace\vivado\Vivado\2021.1\lib\win64.o\librdi_commonmain.dll
0x00007ff9d5460000 - 0x00007ff9d5481000 	D:\WorkPlace\vivado\Vivado\2021.1\lib\win64.o\libboost_filesystem.dll
0x00007ff9eafe0000 - 0x00007ff9eb08e000 	C:\WINDOWS\System32\ADVAPI32.dll
0x00007ff9eb220000 - 0x00007ff9eb2c5000 	C:\WINDOWS\System32\msvcrt.dll
0x00007ff9ea630000 - 0x00007ff9ea6d4000 	C:\WINDOWS\System32\sechost.dll
0x00007ff9e9130000 - 0x00007ff9e9245000 	C:\WINDOWS\System32\RPCRT4.dll
0x00007ff999e30000 - 0x00007ff99b0da000 	D:\WorkPlace\vivado\Vivado\2021.1\lib\win64.o\librdi_common.dll
0x00007ff9ea6e0000 - 0x00007ff9ea88b000 	C:\WINDOWS\System32\USER32.dll
0x00007ff9e88f0000 - 0x00007ff9e8916000 	C:\WINDOWS\System32\win32u.dll
0x00007ff9e94a0000 - 0x00007ff9e94c9000 	C:\WINDOWS\System32\GDI32.dll
0x00007ff9e8760000 - 0x00007ff9e8878000 	C:\WINDOWS\System32\gdi32full.dll
0x00007ff9e8f70000 - 0x00007ff9e900a000 	C:\WINDOWS\System32\msvcp_win.dll
0x00007ff9e9bd0000 - 0x00007ff9ea3ac000 	C:\WINDOWS\System32\SHELL32.dll
0x00007ff9eae40000 - 0x00007ff9eaeb1000 	C:\WINDOWS\System32\WS2_32.dll
0x00007ff9e22b0000 - 0x00007ff9e22b9000 	D:\WorkPlace\vivado\Vivado\2021.1\lib\win64.o\librdi_commonversion.dll
0x00007ff9d0920000 - 0x00007ff9d0abc000 	D:\WorkPlace\vivado\Vivado\2021.1\lib\win64.o\librdi_commonxillic.dll
0x000000006f0f0000 - 0x000000006f21b000 	D:\WorkPlace\vivado\Vivado\2021.1\lib\win64.o\tcl85t.dll
0x00007ff9ce5d0000 - 0x00007ff9ce93e000 	D:\WorkPlace\vivado\Vivado\2021.1\lib\win64.o\libCOIN-all.dll
0x00007ff9d5040000 - 0x00007ff9d5051000 	D:\WorkPlace\vivado\Vivado\2021.1\lib\win64.o\libboost_date_time.dll
0x00007ff9d3350000 - 0x00007ff9d33c9000 	D:\WorkPlace\vivado\Vivado\2021.1\lib\win64.o\libboost_program_options.dll
0x00007ff9d07a0000 - 0x00007ff9d08b4000 	D:\WorkPlace\vivado\Vivado\2021.1\lib\win64.o\libboost_regex.dll
0x00007ff9d4a60000 - 0x00007ff9d4a7c000 	D:\WorkPlace\vivado\Vivado\2021.1\lib\win64.o\libboost_thread.dll
0x00007ff9d6920000 - 0x00007ff9d692c000 	D:\WorkPlace\vivado\Vivado\2021.1\lib\win64.o\libboost_xilinx.dll
0x00007ff9d3010000 - 0x00007ff9d3092000 	D:\WorkPlace\vivado\Vivado\2021.1\lib\win64.o\libhdlpsolve.dll
0x00007ff9d0e60000 - 0x00007ff9d0f05000 	D:\WorkPlace\vivado\Vivado\2021.1\lib\win64.o\libhdxml.dll
0x00007ff9d0f60000 - 0x00007ff9d0fc5000 	D:\WorkPlace\vivado\Vivado\2021.1\lib\win64.o\liblmx6.0.dll
0x00007ff9d2fc0000 - 0x00007ff9d2fda000 	D:\WorkPlace\vivado\Vivado\2021.1\lib\win64.o\pthreadVC2.dll
0x00007ff9d2fe0000 - 0x00007ff9d300a000 	D:\WorkPlace\vivado\Vivado\2021.1\lib\win64.o\libisl_sysinfo.dll
0x00007ff998e80000 - 0x00007ff999e21200 	D:\WorkPlace\vivado\Vivado\2021.1\lib\win64.o\libisl_iostreams.dll
0x00007ff9d2ef0000 - 0x00007ff9d2f0c000 	D:\WorkPlace\vivado\Vivado\2021.1\lib\win64.o\librdiconfig.dll
0x00007ff9eb0e0000 - 0x00007ff9eb13e000 	C:\WINDOWS\System32\SHLWAPI.dll
0x00007ff9d0c40000 - 0x00007ff9d0c61000 	D:\WorkPlace\vivado\Vivado\2021.1\lib\win64.o\librdizlib.dll
0x0000000012000000 - 0x0000000012270000 	D:\WorkPlace\vivado\Vivado\2021.1\lib\win64.o\xerces-c_3_1.dll
0x00007ff9cc260000 - 0x00007ff9cc279000 	C:\WINDOWS\SYSTEM32\NETAPI32.dll
0x00007ff9cbb10000 - 0x00007ff9cc004000 	C:\WINDOWS\SYSTEM32\WININET.dll
0x00007ff9df630000 - 0x00007ff9df75f000 	C:\WINDOWS\SYSTEM32\WINHTTP.dll
0x00007ff9dd510000 - 0x00007ff9dd6ff000 	C:\WINDOWS\SYSTEM32\urlmon.dll
0x00007ff9cbaa0000 - 0x00007ff9cbaa9000 	C:\WINDOWS\SYSTEM32\WSOCK32.dll
0x00007ff9d0c00000 - 0x00007ff9d0c31000 	C:\WINDOWS\SYSTEM32\VCOMP140.DLL
0x00007ff988e10000 - 0x00007ff98ad27000 	D:\WorkPlace\vivado\Vivado\2021.1\lib\win64.o\gurobi90.dll
0x00007ff9e89a0000 - 0x00007ff9e8b06000 	C:\WINDOWS\System32\CRYPT32.dll
0x00007ff9e8020000 - 0x00007ff9e8048000 	C:\WINDOWS\SYSTEM32\bcrypt.dll
0x00007ff9ea5d0000 - 0x00007ff9ea62d000 	C:\WINDOWS\System32\WLDAP32.dll
0x00007ff9eac20000 - 0x00007ff9eac28000 	C:\WINDOWS\System32\Normaliz.dll
0x00007ff9cd4d0000 - 0x00007ff9cd7e6000 	D:\WorkPlace\vivado\Vivado\2021.1\lib\win64.o\libXil_lmgr11.dll
0x00007ff9e92d0000 - 0x00007ff9e93c3000 	C:\WINDOWS\System32\COMDLG32.dll
0x00007ff9ea890000 - 0x00007ff9eac16000 	C:\WINDOWS\System32\combase.dll
0x00007ff9eaee0000 - 0x00007ff9eafd1000 	C:\WINDOWS\System32\shcore.dll
0x00007ff9eb140000 - 0x00007ff9eb217000 	C:\WINDOWS\System32\OLEAUT32.dll
0x00007ff9ea410000 - 0x00007ff9ea5ac000 	C:\WINDOWS\System32\ole32.dll
0x00007ff9e8880000 - 0x00007ff9e88e8000 	C:\WINDOWS\System32\WINTRUST.dll
0x00007ff9d0be0000 - 0x00007ff9d0bf8000 	D:\WorkPlace\vivado\Vivado\2021.1\lib\win64.o\libboost_iostreams.dll
0x00007ff9d0bb0000 - 0x00007ff9d0bd4000 	D:\WorkPlace\vivado\Vivado\2021.1\lib\win64.o\libisl_iosutils.dll
0x00007ff9dc680000 - 0x00007ff9dc930000 	C:\WINDOWS\SYSTEM32\iertutil.dll
0x00007ff9e7260000 - 0x00007ff9e726c000 	C:\WINDOWS\SYSTEM32\netutils.dll
0x00007ff9dc9b0000 - 0x00007ff9dc9d8000 	C:\WINDOWS\SYSTEM32\srvcli.dll
0x00007ff9d3c90000 - 0x00007ff9d3d42000 	C:\WINDOWS\WinSxS\amd64_microsoft.windows.common-controls_6595b64144ccf1df_5.82.22598.1_none_266eafbb6bbb2fe0\COMCTL32.dll
0x00007ff9df360000 - 0x00007ff9df37f000 	C:\WINDOWS\SYSTEM32\dhcpcsvc.DLL
0x00007ff9e7d30000 - 0x00007ff9e7d58000 	C:\WINDOWS\SYSTEM32\USERENV.dll
0x00007ff9e7c30000 - 0x00007ff9e7c99000 	C:\WINDOWS\SYSTEM32\MSWSOCK.DLL
0x00007ff9ead50000 - 0x00007ff9ead81000 	C:\WINDOWS\System32\IMM32.DLL
0x00007ff9e8310000 - 0x00007ff9e8322000 	C:\WINDOWS\SYSTEM32\MSASN1.dll
0x00007ff9e77b0000 - 0x00007ff9e77c8000 	C:\WINDOWS\SYSTEM32\kernel.appcore.dll
0x00007ff9ccf90000 - 0x00007ff9cd4c3000 	D:\WorkPlace\vivado\Vivado\2021.1\lib\win64.o\librdi_commontasks.dll
0x00007ff9b7050000 - 0x00007ff9b7370000 	D:\WorkPlace\vivado\Vivado\2021.1\lib\win64.o\librdi_sio.dll
0x00007ff9df300000 - 0x00007ff9df30a000 	C:\WINDOWS\SYSTEM32\VERSION.dll
0x00007ff9e7270000 - 0x00007ff9e729d000 	C:\WINDOWS\SYSTEM32\IPHLPAPI.DLL
0x00007ff998350000 - 0x00007ff998e73000 	D:\WorkPlace\vivado\Vivado\2021.1\tps\win64\jre11.0.2\bin\server\jvm.dll
0x00007ff9ea5b0000 - 0x00007ff9ea5b8000 	C:\WINDOWS\System32\PSAPI.DLL
0x00007ff9dff50000 - 0x00007ff9dff84000 	C:\WINDOWS\SYSTEM32\WINMM.dll
0x00007ff9e6760000 - 0x00007ff9e7016000 	C:\WINDOWS\SYSTEM32\windows.storage.dll
0x00007ff9e6620000 - 0x00007ff9e675d000 	C:\WINDOWS\SYSTEM32\wintypes.dll
0x00007ff986280000 - 0x00007ff988e10000 	D:\WorkPlace\vivado\Vivado\2021.1\lib\win64.o\librdi_tcltasks.dll
0x00007ff9d0720000 - 0x00007ff9d079e000 	D:\WorkPlace\vivado\Vivado\2021.1\lib\win64.o\librdi_boarddep.dll
0x00007ff997e80000 - 0x00007ff998350000 	D:\WorkPlace\vivado\Vivado\2021.1\lib\win64.o\librdi_bitstream.dll
0x00007ff9d0620000 - 0x00007ff9d0717000 	D:\WorkPlace\vivado\Vivado\2021.1\lib\win64.o\librdi_chipscope.dll
0x00007ff9cde20000 - 0x00007ff9ce016000 	D:\WorkPlace\vivado\Vivado\2021.1\lib\win64.o\librdi_chipscopeimpl.dll
0x00007ff9ce3a0000 - 0x00007ff9ce558000 	D:\WorkPlace\vivado\Vivado\2021.1\lib\win64.o\librdi_board.dll
0x00007ff9c57e0000 - 0x00007ff9c593f000 	D:\WorkPlace\vivado\Vivado\2021.1\lib\win64.o\librdi_containers.dll
0x00007ff9843d0000 - 0x00007ff986274000 	D:\WorkPlace\vivado\Vivado\2021.1\lib\win64.o\librdi_constraints.dll
0x00007ff9817a0000 - 0x00007ff981ec0000 	D:\WorkPlace\vivado\Vivado\2021.1\lib\win64.o\librdi_coregenipxact.dll
0x00007ff97f980000 - 0x00007ff98179c000 	D:\WorkPlace\vivado\Vivado\2021.1\lib\win64.o\librdi_designutils.dll
0x00007ff981ec0000 - 0x00007ff9843c9000 	D:\WorkPlace\vivado\Vivado\2021.1\lib\win64.o\librdi_coregen.dll
0x00007ff997b10000 - 0x00007ff997e71000 	D:\WorkPlace\vivado\Vivado\2021.1\lib\win64.o\librdi_dlyest.dll
0x00007ff9ce2e0000 - 0x00007ff9ce395000 	D:\WorkPlace\vivado\Vivado\2021.1\lib\win64.o\librdi_dsp.dll
0x00007ff963530000 - 0x00007ff963bb5000 	D:\WorkPlace\vivado\Vivado\2021.1\lib\win64.o\librdi_drc.dll
0x00007ff962eb0000 - 0x00007ff96352b000 	D:\WorkPlace\vivado\Vivado\2021.1\lib\win64.o\librdi_filemgmt.dll
0x00007ff9977e0000 - 0x00007ff997b07000 	D:\WorkPlace\vivado\Vivado\2021.1\lib\win64.o\librdi_guitools.dll
0x00007ff9d05b0000 - 0x00007ff9d0619000 	D:\WorkPlace\vivado\Vivado\2021.1\lib\win64.o\librdi_hdf.dll
0x00007ff962c20000 - 0x00007ff962ea7000 	D:\WorkPlace\vivado\Vivado\2021.1\lib\win64.o\librdi_hip_devdesign.dll
0x00007ff9bbf70000 - 0x00007ff9bc0b7000 	D:\WorkPlace\vivado\Vivado\2021.1\lib\win64.o\librdi_hip_perf_analysis.dll
0x00007ff9c4f10000 - 0x00007ff9c501b000 	D:\WorkPlace\vivado\Vivado\2021.1\lib\win64.o\librdi_ipconfig_readwrite.dll
0x00007ff961590000 - 0x00007ff962c1a000 	D:\WorkPlace\vivado\Vivado\2021.1\lib\win64.o\librdi_implflow.dll
0x00007ff960f40000 - 0x00007ff96158e000 	D:\WorkPlace\vivado\Vivado\2021.1\lib\win64.o\librdi_memdata.dll
0x00007ff963bc0000 - 0x00007ff97f980000 	D:\WorkPlace\vivado\Vivado\2021.1\lib\win64.o\librdi_device.dll
0x00007ff9cc490000 - 0x00007ff9cc503000 	D:\WorkPlace\vivado\Vivado\2021.1\lib\win64.o\librdi_memoryarray.dll
0x00007ff9ccdf0000 - 0x00007ff9cce46000 	D:\WorkPlace\vivado\Vivado\2021.1\lib\win64.o\librdi_pfi.dll
0x00007ff9cddb0000 - 0x00007ff9cde20000 	D:\WorkPlace\vivado\Vivado\2021.1\lib\win64.o\librdi_noc_frameworks.dll
0x00007ff960800000 - 0x00007ff960f38000 	D:\WorkPlace\vivado\Vivado\2021.1\lib\win64.o\librdi_netlist.dll
0x00007ff95a430000 - 0x00007ff95a7e1000 	D:\WorkPlace\vivado\Vivado\2021.1\lib\win64.o\librdi_platform.dll
0x00007ff95a7f0000 - 0x00007ff95b08c000 	D:\WorkPlace\vivado\Vivado\2021.1\lib\win64.o\librdi_power.dll
0x00007ff95e300000 - 0x00007ff9607fb000 	D:\WorkPlace\vivado\Vivado\2021.1\lib\win64.o\librdi_mig.dll
0x00007ff95b090000 - 0x00007ff95e2f5000 	D:\WorkPlace\vivado\Vivado\2021.1\lib\win64.o\librdi_place.dll
0x00007ff959d00000 - 0x00007ff95a429000 	D:\WorkPlace\vivado\Vivado\2021.1\lib\win64.o\librdi_psta.dll
0x00007ff958d90000 - 0x00007ff959625000 	D:\WorkPlace\vivado\Vivado\2021.1\lib\win64.o\librdi_rsb.dll
0x00007ff959630000 - 0x00007ff959d00000 	D:\WorkPlace\vivado\Vivado\2021.1\lib\win64.o\librdi_project.dll
0x00007ff9b6f30000 - 0x00007ff9b7045000 	D:\WorkPlace\vivado\Vivado\2021.1\lib\win64.o\librdi_runsbase.dll
0x00007ff9585d0000 - 0x00007ff958848000 	D:\WorkPlace\vivado\Vivado\2021.1\lib\win64.o\librdi_simdata.dll
0x00007ff958850000 - 0x00007ff958d81000 	D:\WorkPlace\vivado\Vivado\2021.1\lib\win64.o\librdi_runs.dll
0x00007ff957520000 - 0x00007ff9585cc000 	D:\WorkPlace\vivado\Vivado\2021.1\lib\win64.o\librdi_timing.dll
0x00007ff957400000 - 0x00007ff957514000 	D:\WorkPlace\vivado\Vivado\2021.1\lib\win64.o\librdi_xhub.dll
0x00007ff9ca9d0000 - 0x00007ff9caa77000 	D:\WorkPlace\vivado\Vivado\2021.1\lib\win64.o\librdi_xhubtasks.dll
0x00007ff9568d0000 - 0x00007ff9573f6000 	D:\WorkPlace\vivado\Vivado\2021.1\lib\win64.o\librdi_cdoutil.dll
0x00007ff9566e0000 - 0x00007ff9568c5000 	D:\WorkPlace\vivado\Vivado\2021.1\lib\win64.o\librdi_advchipscopeimpl.dll
0x00007ff9ccd50000 - 0x00007ff9ccd94000 	D:\WorkPlace\vivado\Vivado\2021.1\lib\win64.o\libboost_serialization.dll
0x00007ff9563a0000 - 0x00007ff9566d3000 	D:\WorkPlace\vivado\Vivado\2021.1\lib\win64.o\librdi_hip_config.dll
0x00007ff955e50000 - 0x00007ff956392000 	D:\WorkPlace\vivado\Vivado\2021.1\lib\win64.o\librdi_xdm.dll
0x00007ff9bbee0000 - 0x00007ff9bbf6d000 	D:\WorkPlace\vivado\Vivado\2021.1\lib\win64.o\treelite_runtime.dll
0x00007ff9ca980000 - 0x00007ff9ca9ca000 	D:\WorkPlace\vivado\Vivado\2021.1\lib\win64.o\libboost_graph.dll
0x00007ff9552f0000 - 0x00007ff955e46000 	D:\WorkPlace\vivado\Vivado\2021.1\lib\win64.o\libverific.dll

dbghelp: loaded successfully - version: 4.0.5 - missing functions: none
symbol engine: initialized successfully - sym options: 0x614 - pdb path: .;D:\WorkPlace\vivado\Vivado\2021.1\bin\unwrapped\win64.o;C:\WINDOWS\SYSTEM32;D:\WorkPlace\vivado\Vivado\2021.1\lib\win64.o;C:\WINDOWS\WinSxS\amd64_microsoft.windows.common-controls_6595b64144ccf1df_5.82.22598.1_none_266eafbb6bbb2fe0;D:\WorkPlace\vivado\Vivado\2021.1\tps\win64\jre11.0.2\bin\server;D:\WorkPlace\vivado\Vivado\2021.1\tps\win64\python-3.8.3;D:\WorkPlace\vivado\Vivado\2021.1\tps\win64\jre11.0.2\bin;C:\WINDOWS\WinSxS\amd64_microsoft.windows.common-controls_6595b64144ccf1df_6.0.22598.1_none_5f058c2d9dc925ef;D:\my apps\place for sougoushurufa\SogouInput\11.9.0.5784

VM Arguments:
jvm_args: -Dsun.java2d.pmoffscreen=false -Dhttps.protocols=TLSv1,TLSv1.1,TLSv1.2 -Dsun.java2d.xrender=false -Dsun.java2d.d3d=false -Dsun.awt.nopixfmt=true -Dsun.java2d.dpiaware=true -Dsun.java2d.uiScale.enabled=false -Xverify:none -Dswing.aatext=true -XX:-UsePerfData -Djdk.map.althashing.threshold=512 -XX:StringTableSize=4072 --add-opens=java.base/java.nio=ALL-UNNAMED --add-opens=java.desktop/sun.swing=ALL-UNNAMED --add-opens=java.desktop/javax.swing=ALL-UNNAMED --add-opens=java.desktop/javax.swing.tree=ALL-UNNAMED --add-opens=java.desktop/javax.swing.plaf.basic=ALL-UNNAMED --add-opens=java.desktop/javax.swing.plaf.synth=ALL-UNNAMED --add-opens=java.desktop/com.sun.awt=ALL-UNNAMED -XX:NewSize=60m -XX:MaxNewSize=60m -Xms256m -Xmx3072m -Xss5m 
java_command: <unknown>
java_class_path (initial): D:/WorkPlace/vivado/Vivado/2021.1\lib\classes\alloy.jar;D:/WorkPlace/vivado/Vivado/2021.1\lib\classes\autoesl-models.jar;D:/WorkPlace/vivado/Vivado/2021.1\lib\classes\autopilot.scelaborator.jar;D:/WorkPlace/vivado/Vivado/2021.1\lib\classes\autopilot.sourceprocessor.jar;D:/WorkPlace/vivado/Vivado/2021.1\lib\classes\autopilot.tbprocessor.jar;D:/WorkPlace/vivado/Vivado/2021.1\lib\classes\batik-anim.jar;D:/WorkPlace/vivado/Vivado/2021.1\lib\classes\batik-awt-util.jar;D:/WorkPlace/vivado/Vivado/2021.1\lib\classes\batik-bridge.jar;D:/WorkPlace/vivado/Vivado/2021.1\lib\classes\batik-codec.jar;D:/WorkPlace/vivado/Vivado/2021.1\lib\classes\batik-css.jar;D:/WorkPlace/vivado/Vivado/2021.1\lib\classes\batik-dom.jar;D:/WorkPlace/vivado/Vivado/2021.1\lib\classes\batik-ext.jar;D:/WorkPlace/vivado/Vivado/2021.1\lib\classes\batik-gui-util.jar;D:/WorkPlace/vivado/Vivado/2021.1\lib\classes\batik-gvt.jar;D:/WorkPlace/vivado/Vivado/2021.1\lib\classes\batik-parser.jar;D:/WorkPlace/vivado/Vivado/2021.1\lib\classes\batik-script.jar;D:/WorkPlace/vivado/Vivado/2021.1\lib\classes\batik-svg-dom.jar;D:/WorkPlace/vivado/Vivado/2021.1\lib\classes\batik-svggen.jar;D:/WorkPlace/vivado/Vivado/2021.1\lib\classes\batik-swing.jar;D:/WorkPlace/vivado/Vivado/2021.1\lib\classes\batik-transcoder.jar;D:/WorkPlace/vivado/Vivado/2021.1\lib\classes\batik-util.jar;D:/WorkPlace/vivado/Vivado/2021.1\lib\classes\batik-xml.jar;D:/WorkPlace/vivado/Vivado/2021.1\lib\classes\com.google.gson_2.8.2.v20180104-1110.jar;D:/WorkPlace/vivado/Vivado/2021.1\lib\classes\com.google.guava_27.1.0.v20190517-1946.jar;D:/WorkPlace/vivado/Vivado/2021.1\lib\classes\com.ibm.icu_4.4.2.v20110208.jar;D:/WorkPlace/vivado/Vivado/2021.1\lib\classes\com.sigasi.hdt.connection_4.11.0.202105170810.jar;D:/WorkPlace/vivado/Vivado/2021.1\lib\classes\com.sigasi.hdt.epl_4.11.0.202105170810.jar;D:/WorkPlace/vivado/Vivado/2021.1\lib\classes\com.sigasi.hdt.project_4.11.0.202105170810.jar;D:/WorkPlace/vivado/Vivado/2021.1\lib\
Launcher Type: generic

[Global flags]
     bool BytecodeVerificationLocal                = false                                     {product} {command line}
     bool BytecodeVerificationRemote               = false                                     {product} {command line}
     intx CICompilerCount                          = 4                                         {product} {ergonomic}
     uint ConcGCThreads                            = 3                                         {product} {ergonomic}
     uint G1ConcRefinementThreads                  = 10                                        {product} {ergonomic}
   size_t G1HeapRegionSize                         = 1048576                                   {product} {ergonomic}
    uintx GCDrainStackTargetSize                   = 64                                        {product} {ergonomic}
   size_t InitialHeapSize                          = 268435456                                 {product} {command line}
   size_t MarkStackSize                            = 4194304                                   {product} {ergonomic}
   size_t MaxHeapSize                              = 3221225472                                {product} {command line}
   size_t MaxNewSize                               = 62914560                                  {product} {command line}
   size_t MinHeapDeltaBytes                        = 1048576                                   {product} {ergonomic}
   size_t NewSize                                  = 62914560                                  {product} {command line}
    uintx NonNMethodCodeHeapSize                   = 5835340                                {pd product} {ergonomic}
    uintx NonProfiledCodeHeapSize                  = 122911450                              {pd product} {ergonomic}
    uintx ProfiledCodeHeapSize                     = 122911450                              {pd product} {ergonomic}
    uintx ReservedCodeCacheSize                    = 251658240                              {pd product} {ergonomic}
     bool SegmentedCodeCache                       = true                                      {product} {ergonomic}
    uintx StringTableSize                          = 4072                                      {product} {command line}
     intx ThreadStackSize                          = 5120                                   {pd product} {command line}
     bool UseCompressedClassPointers               = true                                 {lp64_product} {ergonomic}
     bool UseCompressedOops                        = true                                 {lp64_product} {ergonomic}
     bool UseG1GC                                  = true                                      {product} {ergonomic}
     bool UseLargePagesIndividualAllocation        = false                                  {pd product} {ergonomic}
     bool UsePerfData                              = false                                     {product} {command line}

Logging:
Log output configuration:
 #0: stdout all=warning uptime,level,tags
 #1: stderr all=off uptime,level,tags

Environment Variables:
PATH=D:/WorkPlace/vivado/Vivado/2021.1/bin;D:/WorkPlace/vivado/Vivado/2021.1/tps/win64/javafx-sdk-11.0.2/lib;D:/WorkPlace/vivado/Vivado/2021.1/tps/win64/javafx-sdk-11.0.2/bin;D:/WorkPlace/vivado/Vivado/2021.1/lib/win64.o;D:/WorkPlace/vivado/Vivado/2021.1/tps/win64/jre11.0.2/bin/server;D:/WorkPlace/vivado/Vivado/2021.1/tps/win64/jre11.0.2/bin;D:/WorkPlace/vivado/Vivado/2021.1/ids_lite/ISE/bin/nt64;D:/WorkPlace/vivado/Vivado/2021.1/ids_lite/ISE/lib/nt64;D:/WorkPlace/vivado/Vitis_HLS/2021.1/bin;D:\my apps_2\VMware Workstation\bin\;C:\Program Files (x86)\Common Files\Oracle\Java\javapath;C:\WINDOWS\system32;C:\WINDOWS;C:\WINDOWS\System32\Wbem;C:\WINDOWS\System32\WindowsPowerShell\v1.0\;C:\WINDOWS\System32\OpenSSH\;D:\Matlab\runtime\win64;D:\Matlab\bin;C:\Program Files\dotnet\;D:\my apps_3\;D:\my apps\Git\cmd;C:\Users\86186\AppData\Local\Programs\Python\Python310\Scripts\;C:\Users\86186\AppData\Local\Programs\Python\Python310\;D:\Qt\5.14.2\mingw73_64\bin;C:\Users\86186\AppData\Local\Microsoft\WindowsApps;D:\my apps\my place for VScode\Microsoft VS Code\bin;C:\Program Files\Bandizip\;C:\Program Files\mingw64\bin;C:\Users\86186\.dotnet\tools;C:\Users\86186\AppData\Local\gitkraken\bin;D:\my apps\Dev-Cpp\TDM-GCC-64\bin;;D:/WorkPlace/vivado/Vivado/2021.1\tps\mingw\6.2.0\win64.o\nt\bin;D:/WorkPlace/vivado/Vivado/2021.1\tps\mingw\6.2.0\win64.o\nt\libexec\gcc\x86_64-w64-mingw32\6.2.0;D:/WorkPlace/vivado/Vivado/2021.1\tps\win64\python-3.8.3;D:/WorkPlace/vivado/Vivado/2021.1\tps\win64\python-3.8.3\bin;D:/WorkPlace/vivado/Vivado/2021.1\tps\win64\python-3.8.3\lib;D:/WorkPlace/vivado/Vivado/2021.1\tps\win64\python-3.8.3\lib\site-packages
USERNAME=86186
OS=Windows_NT
PROCESSOR_IDENTIFIER=AMD64 Family 23 Model 96 Stepping 1, AuthenticAMD



---------------  S Y S T E M  ---------------

OS: Windows 10 , 64 bit Build 22598 (10.0.22598.1)

CPU:total 12 (initial active 12) (12 cores per cpu, 2 threads per core) family 23 model 96 stepping 1, cmov, cx8, fxsr, mmx, sse, sse2, sse3, ssse3, sse4.1, sse4.2, popcnt, avx, avx2, aes, clmul, mmxext, 3dnowpref, lzcnt, sse4a, ht, tsc, tscinvbit, tscinv, bmi1, bmi2, adx, sha, fma

Memory: 4k page, system-wide physical 15734M (8477M free)
TotalPageFile size 18166M (AvailPageFile size 9102M)
current process WorkingSet (physical memory assigned to process): 1018M, peak: 1136M
current process commit charge ("private bytes"): 1064M, peak: 1117M

vm_info: OpenJDK 64-Bit Server VM (11.0.2+9) for windows-amd64 JRE (11.0.2+9), built on Jan 18 2019 05:23:22 by "mach5one" with MS VC++ 15.5 (VS2017)

END.
